# align-equal-compiled "ark:gunzip -c exp/mono/fsts.2.gz|" "ark,s,cs:apply-cmvn  --utt2spk=ark:data/train/split4/2/utt2spk scp:data/train/split4/2/cmvn.scp scp:data/train/split4/2/feats.scp ark:- | add-deltas  ark:- ark:- |" ark,t:- | gmm-acc-stats-ali --binary=true exp/mono/0.mdl "ark,s,cs:apply-cmvn  --utt2spk=ark:data/train/split4/2/utt2spk scp:data/train/split4/2/cmvn.scp scp:data/train/split4/2/feats.scp ark:- | add-deltas  ark:- ark:- |" ark:- exp/mono/0.2.acc 
# Started at Tue Apr 19 17:24:48 IST 2022
#
gmm-acc-stats-ali --binary=true exp/mono/0.mdl 'ark,s,cs:apply-cmvn  --utt2spk=ark:data/train/split4/2/utt2spk scp:data/train/split4/2/cmvn.scp scp:data/train/split4/2/feats.scp ark:- | add-deltas  ark:- ark:- |' ark:- exp/mono/0.2.acc 
align-equal-compiled 'ark:gunzip -c exp/mono/fsts.2.gz|' 'ark,s,cs:apply-cmvn  --utt2spk=ark:data/train/split4/2/utt2spk scp:data/train/split4/2/cmvn.scp scp:data/train/split4/2/feats.scp ark:- | add-deltas  ark:- ark:- |' ark,t:- 
apply-cmvn --utt2spk=ark:data/train/split4/2/utt2spk scp:data/train/split4/2/cmvn.scp scp:data/train/split4/2/feats.scp ark:- 
add-deltas ark:- ark:- 
apply-cmvn --utt2spk=ark:data/train/split4/2/utt2spk scp:data/train/split4/2/cmvn.scp scp:data/train/split4/2/feats.scp ark:- 
add-deltas ark:- ark:- 
LOG (gmm-acc-stats-ali[5.5.1016~1-5a372]:main():gmm-acc-stats-ali.cc:105) Processed 50 utterances; for utterance AS013M0050 avg. like is -97.1254 over 498 frames.
LOG (gmm-acc-stats-ali[5.5.1016~1-5a372]:main():gmm-acc-stats-ali.cc:105) Processed 100 utterances; for utterance AS014M0020 avg. like is -96.4085 over 498 frames.
LOG (apply-cmvn[5.5.1016~1-5a372]:main():apply-cmvn.cc:162) Applied cepstral mean normalization to 160 utterances, errors on 0
LOG (align-equal-compiled[5.5.1016~1-5a372]:main():align-equal-compiled.cc:107) Success: done 160 utterances.
LOG (gmm-acc-stats-ali[5.5.1016~1-5a372]:main():gmm-acc-stats-ali.cc:105) Processed 150 utterances; for utterance AS014M0070 avg. like is -97.0363 over 498 frames.
LOG (apply-cmvn[5.5.1016~1-5a372]:main():apply-cmvn.cc:162) Applied cepstral mean normalization to 160 utterances, errors on 0
LOG (gmm-acc-stats-ali[5.5.1016~1-5a372]:main():gmm-acc-stats-ali.cc:112) Done 160 files, 0 with errors.
LOG (gmm-acc-stats-ali[5.5.1016~1-5a372]:main():gmm-acc-stats-ali.cc:115) Overall avg like per frame (Gaussian only) = -97.3861 over 80680 frames.
LOG (gmm-acc-stats-ali[5.5.1016~1-5a372]:main():gmm-acc-stats-ali.cc:123) Written accs.
# Accounting: time=1 threads=1
# Ended (code 0) at Tue Apr 19 17:24:49 IST 2022, elapsed time 1 seconds
