# gmm-align-compiled --transition-scale=1.0 --acoustic-scale=0.1 --self-loop-scale=0.1 --beam=10 --retry-beam=40 --careful=false "gmm-boost-silence --boost=1.0 1 exp/mono/4.mdl - |" "ark:gunzip -c exp/mono/fsts.1.gz|" "ark,s,cs:apply-cmvn  --utt2spk=ark:data/train/split4/1/utt2spk scp:data/train/split4/1/cmvn.scp scp:data/train/split4/1/feats.scp ark:- | add-deltas  ark:- ark:- |" "ark,t:|gzip -c >exp/mono/ali.1.gz" 
# Started at Tue Apr 19 17:25:00 IST 2022
#
gmm-align-compiled --transition-scale=1.0 --acoustic-scale=0.1 --self-loop-scale=0.1 --beam=10 --retry-beam=40 --careful=false 'gmm-boost-silence --boost=1.0 1 exp/mono/4.mdl - |' 'ark:gunzip -c exp/mono/fsts.1.gz|' 'ark,s,cs:apply-cmvn  --utt2spk=ark:data/train/split4/1/utt2spk scp:data/train/split4/1/cmvn.scp scp:data/train/split4/1/feats.scp ark:- | add-deltas  ark:- ark:- |' 'ark,t:|gzip -c >exp/mono/ali.1.gz' 
gmm-boost-silence --boost=1.0 1 exp/mono/4.mdl - 
WARNING (gmm-boost-silence[5.5.1016~1-5a372]:main():gmm-boost-silence.cc:82) The pdfs for the silence phones may be shared by other phones (note: this probably does not matter.)
LOG (gmm-boost-silence[5.5.1016~1-5a372]:main():gmm-boost-silence.cc:93) Boosted weights for 3 pdfs, by factor of 1
LOG (gmm-boost-silence[5.5.1016~1-5a372]:main():gmm-boost-silence.cc:103) Wrote model to -
add-deltas ark:- ark:- 
apply-cmvn --utt2spk=ark:data/train/split4/1/utt2spk scp:data/train/split4/1/cmvn.scp scp:data/train/split4/1/feats.scp ark:- 
LOG (gmm-align-compiled[5.5.1016~1-5a372]:main():gmm-align-compiled.cc:127) AS011M0001
LOG (gmm-align-compiled[5.5.1016~1-5a372]:main():gmm-align-compiled.cc:127) AS011M0002
LOG (gmm-align-compiled[5.5.1016~1-5a372]:main():gmm-align-compiled.cc:127) AS011M0003
LOG (gmm-align-compiled[5.5.1016~1-5a372]:main():gmm-align-compiled.cc:127) AS011M0004
LOG (gmm-align-compiled[5.5.1016~1-5a372]:main():gmm-align-compiled.cc:127) AS011M0005
LOG (gmm-align-compiled[5.5.1016~1-5a372]:main():gmm-align-compiled.cc:127) AS011M0006
WARNING (gmm-align-compiled[5.5.1016~1-5a372]:AlignUtteranceWrapper():decoder-wrappers.cc:617) Retrying utterance AS011M0006 with beam 40
LOG (gmm-align-compiled[5.5.1016~1-5a372]:main():gmm-align-compiled.cc:127) AS011M0007
LOG (gmm-align-compiled[5.5.1016~1-5a372]:main():gmm-align-compiled.cc:127) AS011M0008
LOG (gmm-align-compiled[5.5.1016~1-5a372]:main():gmm-align-compiled.cc:127) AS011M0009
LOG (gmm-align-compiled[5.5.1016~1-5a372]:main():gmm-align-compiled.cc:127) AS011M0010
LOG (gmm-align-compiled[5.5.1016~1-5a372]:main():gmm-align-compiled.cc:127) AS011M0011
LOG (gmm-align-compiled[5.5.1016~1-5a372]:main():gmm-align-compiled.cc:127) AS011M0012
LOG (gmm-align-compiled[5.5.1016~1-5a372]:main():gmm-align-compiled.cc:127) AS011M0013
LOG (gmm-align-compiled[5.5.1016~1-5a372]:main():gmm-align-compiled.cc:127) AS011M0014
LOG (gmm-align-compiled[5.5.1016~1-5a372]:main():gmm-align-compiled.cc:127) AS011M0015
LOG (gmm-align-compiled[5.5.1016~1-5a372]:main():gmm-align-compiled.cc:127) AS011M0016
WARNING (gmm-align-compiled[5.5.1016~1-5a372]:AlignUtteranceWrapper():decoder-wrappers.cc:617) Retrying utterance AS011M0016 with beam 40
LOG (gmm-align-compiled[5.5.1016~1-5a372]:main():gmm-align-compiled.cc:127) AS011M0017
LOG (gmm-align-compiled[5.5.1016~1-5a372]:main():gmm-align-compiled.cc:127) AS011M0018
WARNING (gmm-align-compiled[5.5.1016~1-5a372]:AlignUtteranceWrapper():decoder-wrappers.cc:617) Retrying utterance AS011M0018 with beam 40
LOG (gmm-align-compiled[5.5.1016~1-5a372]:main():gmm-align-compiled.cc:127) AS011M0019
LOG (gmm-align-compiled[5.5.1016~1-5a372]:main():gmm-align-compiled.cc:127) AS011M0020
LOG (gmm-align-compiled[5.5.1016~1-5a372]:main():gmm-align-compiled.cc:127) AS011M0021
LOG (gmm-align-compiled[5.5.1016~1-5a372]:main():gmm-align-compiled.cc:127) AS011M0022
LOG (gmm-align-compiled[5.5.1016~1-5a372]:main():gmm-align-compiled.cc:127) AS011M0023
WARNING (gmm-align-compiled[5.5.1016~1-5a372]:AlignUtteranceWrapper():decoder-wrappers.cc:617) Retrying utterance AS011M0023 with beam 40
LOG (gmm-align-compiled[5.5.1016~1-5a372]:main():gmm-align-compiled.cc:127) AS011M0024
LOG (gmm-align-compiled[5.5.1016~1-5a372]:main():gmm-align-compiled.cc:127) AS011M0025
LOG (gmm-align-compiled[5.5.1016~1-5a372]:main():gmm-align-compiled.cc:127) AS011M0026
LOG (gmm-align-compiled[5.5.1016~1-5a372]:main():gmm-align-compiled.cc:127) AS011M0027
WARNING (gmm-align-compiled[5.5.1016~1-5a372]:AlignUtteranceWrapper():decoder-wrappers.cc:617) Retrying utterance AS011M0027 with beam 40
LOG (gmm-align-compiled[5.5.1016~1-5a372]:main():gmm-align-compiled.cc:127) AS011M0028
WARNING (gmm-align-compiled[5.5.1016~1-5a372]:AlignUtteranceWrapper():decoder-wrappers.cc:617) Retrying utterance AS011M0028 with beam 40
LOG (gmm-align-compiled[5.5.1016~1-5a372]:main():gmm-align-compiled.cc:127) AS011M0029
LOG (gmm-align-compiled[5.5.1016~1-5a372]:main():gmm-align-compiled.cc:127) AS011M0030
LOG (gmm-align-compiled[5.5.1016~1-5a372]:main():gmm-align-compiled.cc:127) AS011M0031
LOG (gmm-align-compiled[5.5.1016~1-5a372]:main():gmm-align-compiled.cc:127) AS011M0032
LOG (gmm-align-compiled[5.5.1016~1-5a372]:main():gmm-align-compiled.cc:127) AS011M0033
LOG (gmm-align-compiled[5.5.1016~1-5a372]:main():gmm-align-compiled.cc:127) AS011M0034
LOG (gmm-align-compiled[5.5.1016~1-5a372]:main():gmm-align-compiled.cc:127) AS011M0035
LOG (gmm-align-compiled[5.5.1016~1-5a372]:main():gmm-align-compiled.cc:127) AS011M0036
LOG (gmm-align-compiled[5.5.1016~1-5a372]:main():gmm-align-compiled.cc:127) AS011M0037
LOG (gmm-align-compiled[5.5.1016~1-5a372]:main():gmm-align-compiled.cc:127) AS011M0038
LOG (gmm-align-compiled[5.5.1016~1-5a372]:main():gmm-align-compiled.cc:127) AS011M0039
LOG (gmm-align-compiled[5.5.1016~1-5a372]:main():gmm-align-compiled.cc:127) AS011M0040
LOG (gmm-align-compiled[5.5.1016~1-5a372]:main():gmm-align-compiled.cc:127) AS011M0041
WARNING (gmm-align-compiled[5.5.1016~1-5a372]:AlignUtteranceWrapper():decoder-wrappers.cc:617) Retrying utterance AS011M0041 with beam 40
LOG (gmm-align-compiled[5.5.1016~1-5a372]:main():gmm-align-compiled.cc:127) AS011M0042
LOG (gmm-align-compiled[5.5.1016~1-5a372]:main():gmm-align-compiled.cc:127) AS011M0043
LOG (gmm-align-compiled[5.5.1016~1-5a372]:main():gmm-align-compiled.cc:127) AS011M0044
LOG (gmm-align-compiled[5.5.1016~1-5a372]:main():gmm-align-compiled.cc:127) AS011M0045
WARNING (gmm-align-compiled[5.5.1016~1-5a372]:AlignUtteranceWrapper():decoder-wrappers.cc:617) Retrying utterance AS011M0045 with beam 40
LOG (gmm-align-compiled[5.5.1016~1-5a372]:main():gmm-align-compiled.cc:127) AS011M0046
LOG (gmm-align-compiled[5.5.1016~1-5a372]:main():gmm-align-compiled.cc:127) AS011M0047
WARNING (gmm-align-compiled[5.5.1016~1-5a372]:AlignUtteranceWrapper():decoder-wrappers.cc:617) Retrying utterance AS011M0047 with beam 40
LOG (gmm-align-compiled[5.5.1016~1-5a372]:main():gmm-align-compiled.cc:127) AS011M0048
WARNING (gmm-align-compiled[5.5.1016~1-5a372]:AlignUtteranceWrapper():decoder-wrappers.cc:617) Retrying utterance AS011M0048 with beam 40
LOG (gmm-align-compiled[5.5.1016~1-5a372]:main():gmm-align-compiled.cc:127) AS011M0049
LOG (gmm-align-compiled[5.5.1016~1-5a372]:main():gmm-align-compiled.cc:127) AS011M0050
LOG (gmm-align-compiled[5.5.1016~1-5a372]:main():gmm-align-compiled.cc:127) AS011M0051
LOG (gmm-align-compiled[5.5.1016~1-5a372]:main():gmm-align-compiled.cc:127) AS011M0052
LOG (gmm-align-compiled[5.5.1016~1-5a372]:main():gmm-align-compiled.cc:127) AS011M0053
LOG (gmm-align-compiled[5.5.1016~1-5a372]:main():gmm-align-compiled.cc:127) AS011M0054
LOG (gmm-align-compiled[5.5.1016~1-5a372]:main():gmm-align-compiled.cc:127) AS011M0055
LOG (gmm-align-compiled[5.5.1016~1-5a372]:main():gmm-align-compiled.cc:127) AS011M0056
LOG (gmm-align-compiled[5.5.1016~1-5a372]:main():gmm-align-compiled.cc:127) AS011M0057
WARNING (gmm-align-compiled[5.5.1016~1-5a372]:AlignUtteranceWrapper():decoder-wrappers.cc:617) Retrying utterance AS011M0057 with beam 40
LOG (gmm-align-compiled[5.5.1016~1-5a372]:main():gmm-align-compiled.cc:127) AS011M0058
WARNING (gmm-align-compiled[5.5.1016~1-5a372]:AlignUtteranceWrapper():decoder-wrappers.cc:617) Retrying utterance AS011M0058 with beam 40
LOG (gmm-align-compiled[5.5.1016~1-5a372]:main():gmm-align-compiled.cc:127) AS011M0059
LOG (gmm-align-compiled[5.5.1016~1-5a372]:main():gmm-align-compiled.cc:127) AS011M0060
LOG (gmm-align-compiled[5.5.1016~1-5a372]:main():gmm-align-compiled.cc:127) AS011M0061
LOG (gmm-align-compiled[5.5.1016~1-5a372]:main():gmm-align-compiled.cc:127) AS011M0062
LOG (gmm-align-compiled[5.5.1016~1-5a372]:main():gmm-align-compiled.cc:127) AS011M0063
LOG (gmm-align-compiled[5.5.1016~1-5a372]:main():gmm-align-compiled.cc:127) AS011M0064
LOG (gmm-align-compiled[5.5.1016~1-5a372]:main():gmm-align-compiled.cc:127) AS011M0065
LOG (gmm-align-compiled[5.5.1016~1-5a372]:main():gmm-align-compiled.cc:127) AS011M0066
WARNING (gmm-align-compiled[5.5.1016~1-5a372]:AlignUtteranceWrapper():decoder-wrappers.cc:617) Retrying utterance AS011M0066 with beam 40
LOG (gmm-align-compiled[5.5.1016~1-5a372]:main():gmm-align-compiled.cc:127) AS011M0067
LOG (gmm-align-compiled[5.5.1016~1-5a372]:main():gmm-align-compiled.cc:127) AS011M0068
LOG (gmm-align-compiled[5.5.1016~1-5a372]:main():gmm-align-compiled.cc:127) AS011M0069
WARNING (gmm-align-compiled[5.5.1016~1-5a372]:AlignUtteranceWrapper():decoder-wrappers.cc:617) Retrying utterance AS011M0069 with beam 40
LOG (gmm-align-compiled[5.5.1016~1-5a372]:main():gmm-align-compiled.cc:127) AS011M0070
WARNING (gmm-align-compiled[5.5.1016~1-5a372]:AlignUtteranceWrapper():decoder-wrappers.cc:617) Retrying utterance AS011M0070 with beam 40
LOG (gmm-align-compiled[5.5.1016~1-5a372]:main():gmm-align-compiled.cc:127) AS011M0071
LOG (gmm-align-compiled[5.5.1016~1-5a372]:main():gmm-align-compiled.cc:127) AS011M0072
WARNING (gmm-align-compiled[5.5.1016~1-5a372]:AlignUtteranceWrapper():decoder-wrappers.cc:617) Retrying utterance AS011M0072 with beam 40
LOG (gmm-align-compiled[5.5.1016~1-5a372]:main():gmm-align-compiled.cc:127) AS011M0073
LOG (gmm-align-compiled[5.5.1016~1-5a372]:main():gmm-align-compiled.cc:127) AS011M0074
LOG (gmm-align-compiled[5.5.1016~1-5a372]:main():gmm-align-compiled.cc:127) AS011M0075
WARNING (gmm-align-compiled[5.5.1016~1-5a372]:AlignUtteranceWrapper():decoder-wrappers.cc:617) Retrying utterance AS011M0075 with beam 40
LOG (gmm-align-compiled[5.5.1016~1-5a372]:main():gmm-align-compiled.cc:127) AS011M0076
WARNING (gmm-align-compiled[5.5.1016~1-5a372]:AlignUtteranceWrapper():decoder-wrappers.cc:617) Retrying utterance AS011M0076 with beam 40
LOG (gmm-align-compiled[5.5.1016~1-5a372]:main():gmm-align-compiled.cc:127) AS011M0077
WARNING (gmm-align-compiled[5.5.1016~1-5a372]:AlignUtteranceWrapper():decoder-wrappers.cc:617) Retrying utterance AS011M0077 with beam 40
LOG (gmm-align-compiled[5.5.1016~1-5a372]:main():gmm-align-compiled.cc:127) AS011M0078
WARNING (gmm-align-compiled[5.5.1016~1-5a372]:AlignUtteranceWrapper():decoder-wrappers.cc:617) Retrying utterance AS011M0078 with beam 40
LOG (gmm-align-compiled[5.5.1016~1-5a372]:main():gmm-align-compiled.cc:127) AS011M0079
LOG (gmm-align-compiled[5.5.1016~1-5a372]:main():gmm-align-compiled.cc:127) AS011M0080
LOG (gmm-align-compiled[5.5.1016~1-5a372]:main():gmm-align-compiled.cc:127) AS012M0001
LOG (gmm-align-compiled[5.5.1016~1-5a372]:main():gmm-align-compiled.cc:127) AS012M0002
LOG (gmm-align-compiled[5.5.1016~1-5a372]:main():gmm-align-compiled.cc:127) AS012M0003
LOG (gmm-align-compiled[5.5.1016~1-5a372]:main():gmm-align-compiled.cc:127) AS012M0004
LOG (gmm-align-compiled[5.5.1016~1-5a372]:main():gmm-align-compiled.cc:127) AS012M0005
LOG (gmm-align-compiled[5.5.1016~1-5a372]:main():gmm-align-compiled.cc:127) AS012M0006
LOG (gmm-align-compiled[5.5.1016~1-5a372]:main():gmm-align-compiled.cc:127) AS012M0007
LOG (gmm-align-compiled[5.5.1016~1-5a372]:main():gmm-align-compiled.cc:127) AS012M0008
LOG (gmm-align-compiled[5.5.1016~1-5a372]:main():gmm-align-compiled.cc:127) AS012M0009
LOG (gmm-align-compiled[5.5.1016~1-5a372]:main():gmm-align-compiled.cc:127) AS012M0010
LOG (gmm-align-compiled[5.5.1016~1-5a372]:main():gmm-align-compiled.cc:127) AS012M0011
LOG (gmm-align-compiled[5.5.1016~1-5a372]:main():gmm-align-compiled.cc:127) AS012M0012
LOG (gmm-align-compiled[5.5.1016~1-5a372]:main():gmm-align-compiled.cc:127) AS012M0013
LOG (gmm-align-compiled[5.5.1016~1-5a372]:main():gmm-align-compiled.cc:127) AS012M0014
LOG (gmm-align-compiled[5.5.1016~1-5a372]:main():gmm-align-compiled.cc:127) AS012M0015
LOG (gmm-align-compiled[5.5.1016~1-5a372]:main():gmm-align-compiled.cc:127) AS012M0016
LOG (gmm-align-compiled[5.5.1016~1-5a372]:main():gmm-align-compiled.cc:127) AS012M0017
LOG (gmm-align-compiled[5.5.1016~1-5a372]:main():gmm-align-compiled.cc:127) AS012M0018
LOG (gmm-align-compiled[5.5.1016~1-5a372]:main():gmm-align-compiled.cc:127) AS012M0019
LOG (gmm-align-compiled[5.5.1016~1-5a372]:main():gmm-align-compiled.cc:127) AS012M0020
LOG (gmm-align-compiled[5.5.1016~1-5a372]:main():gmm-align-compiled.cc:127) AS012M0021
LOG (gmm-align-compiled[5.5.1016~1-5a372]:main():gmm-align-compiled.cc:127) AS012M0022
LOG (gmm-align-compiled[5.5.1016~1-5a372]:main():gmm-align-compiled.cc:127) AS012M0023
LOG (gmm-align-compiled[5.5.1016~1-5a372]:main():gmm-align-compiled.cc:127) AS012M0024
LOG (gmm-align-compiled[5.5.1016~1-5a372]:main():gmm-align-compiled.cc:127) AS012M0025
LOG (gmm-align-compiled[5.5.1016~1-5a372]:main():gmm-align-compiled.cc:127) AS012M0026
LOG (gmm-align-compiled[5.5.1016~1-5a372]:main():gmm-align-compiled.cc:127) AS012M0027
LOG (gmm-align-compiled[5.5.1016~1-5a372]:main():gmm-align-compiled.cc:127) AS012M0028
LOG (gmm-align-compiled[5.5.1016~1-5a372]:main():gmm-align-compiled.cc:127) AS012M0029
LOG (gmm-align-compiled[5.5.1016~1-5a372]:main():gmm-align-compiled.cc:127) AS012M0030
LOG (gmm-align-compiled[5.5.1016~1-5a372]:main():gmm-align-compiled.cc:127) AS012M0031
LOG (gmm-align-compiled[5.5.1016~1-5a372]:main():gmm-align-compiled.cc:127) AS012M0032
LOG (gmm-align-compiled[5.5.1016~1-5a372]:main():gmm-align-compiled.cc:127) AS012M0033
LOG (gmm-align-compiled[5.5.1016~1-5a372]:main():gmm-align-compiled.cc:127) AS012M0034
LOG (gmm-align-compiled[5.5.1016~1-5a372]:main():gmm-align-compiled.cc:127) AS012M0035
LOG (gmm-align-compiled[5.5.1016~1-5a372]:main():gmm-align-compiled.cc:127) AS012M0036
LOG (gmm-align-compiled[5.5.1016~1-5a372]:main():gmm-align-compiled.cc:127) AS012M0037
LOG (gmm-align-compiled[5.5.1016~1-5a372]:main():gmm-align-compiled.cc:127) AS012M0038
LOG (gmm-align-compiled[5.5.1016~1-5a372]:main():gmm-align-compiled.cc:127) AS012M0039
LOG (gmm-align-compiled[5.5.1016~1-5a372]:main():gmm-align-compiled.cc:127) AS012M0040
LOG (gmm-align-compiled[5.5.1016~1-5a372]:main():gmm-align-compiled.cc:127) AS012M0041
LOG (gmm-align-compiled[5.5.1016~1-5a372]:main():gmm-align-compiled.cc:127) AS012M0042
LOG (gmm-align-compiled[5.5.1016~1-5a372]:main():gmm-align-compiled.cc:127) AS012M0043
LOG (gmm-align-compiled[5.5.1016~1-5a372]:main():gmm-align-compiled.cc:127) AS012M0044
LOG (gmm-align-compiled[5.5.1016~1-5a372]:main():gmm-align-compiled.cc:127) AS012M0045
LOG (gmm-align-compiled[5.5.1016~1-5a372]:main():gmm-align-compiled.cc:127) AS012M0046
LOG (gmm-align-compiled[5.5.1016~1-5a372]:main():gmm-align-compiled.cc:127) AS012M0047
LOG (gmm-align-compiled[5.5.1016~1-5a372]:main():gmm-align-compiled.cc:127) AS012M0048
LOG (gmm-align-compiled[5.5.1016~1-5a372]:main():gmm-align-compiled.cc:127) AS012M0049
LOG (gmm-align-compiled[5.5.1016~1-5a372]:main():gmm-align-compiled.cc:127) AS012M0050
LOG (gmm-align-compiled[5.5.1016~1-5a372]:main():gmm-align-compiled.cc:127) AS012M0051
LOG (gmm-align-compiled[5.5.1016~1-5a372]:main():gmm-align-compiled.cc:127) AS012M0052
LOG (gmm-align-compiled[5.5.1016~1-5a372]:main():gmm-align-compiled.cc:127) AS012M0053
LOG (gmm-align-compiled[5.5.1016~1-5a372]:main():gmm-align-compiled.cc:127) AS012M0054
LOG (gmm-align-compiled[5.5.1016~1-5a372]:main():gmm-align-compiled.cc:127) AS012M0055
LOG (gmm-align-compiled[5.5.1016~1-5a372]:main():gmm-align-compiled.cc:127) AS012M0056
LOG (gmm-align-compiled[5.5.1016~1-5a372]:main():gmm-align-compiled.cc:127) AS012M0057
LOG (gmm-align-compiled[5.5.1016~1-5a372]:main():gmm-align-compiled.cc:127) AS012M0058
LOG (gmm-align-compiled[5.5.1016~1-5a372]:main():gmm-align-compiled.cc:127) AS012M0059
LOG (gmm-align-compiled[5.5.1016~1-5a372]:main():gmm-align-compiled.cc:127) AS012M0060
LOG (gmm-align-compiled[5.5.1016~1-5a372]:main():gmm-align-compiled.cc:127) AS012M0061
LOG (gmm-align-compiled[5.5.1016~1-5a372]:main():gmm-align-compiled.cc:127) AS012M0062
LOG (gmm-align-compiled[5.5.1016~1-5a372]:main():gmm-align-compiled.cc:127) AS012M0063
LOG (gmm-align-compiled[5.5.1016~1-5a372]:main():gmm-align-compiled.cc:127) AS012M0064
LOG (gmm-align-compiled[5.5.1016~1-5a372]:main():gmm-align-compiled.cc:127) AS012M0065
LOG (gmm-align-compiled[5.5.1016~1-5a372]:main():gmm-align-compiled.cc:127) AS012M0066
LOG (gmm-align-compiled[5.5.1016~1-5a372]:main():gmm-align-compiled.cc:127) AS012M0067
LOG (gmm-align-compiled[5.5.1016~1-5a372]:main():gmm-align-compiled.cc:127) AS012M0068
LOG (gmm-align-compiled[5.5.1016~1-5a372]:main():gmm-align-compiled.cc:127) AS012M0069
LOG (gmm-align-compiled[5.5.1016~1-5a372]:main():gmm-align-compiled.cc:127) AS012M0070
LOG (gmm-align-compiled[5.5.1016~1-5a372]:main():gmm-align-compiled.cc:127) AS012M0071
LOG (gmm-align-compiled[5.5.1016~1-5a372]:main():gmm-align-compiled.cc:127) AS012M0072
LOG (gmm-align-compiled[5.5.1016~1-5a372]:main():gmm-align-compiled.cc:127) AS012M0073
LOG (gmm-align-compiled[5.5.1016~1-5a372]:main():gmm-align-compiled.cc:127) AS012M0074
LOG (gmm-align-compiled[5.5.1016~1-5a372]:main():gmm-align-compiled.cc:127) AS012M0075
LOG (gmm-align-compiled[5.5.1016~1-5a372]:main():gmm-align-compiled.cc:127) AS012M0076
LOG (gmm-align-compiled[5.5.1016~1-5a372]:main():gmm-align-compiled.cc:127) AS012M0077
LOG (gmm-align-compiled[5.5.1016~1-5a372]:main():gmm-align-compiled.cc:127) AS012M0078
LOG (apply-cmvn[5.5.1016~1-5a372]:main():apply-cmvn.cc:162) Applied cepstral mean normalization to 160 utterances, errors on 0
LOG (gmm-align-compiled[5.5.1016~1-5a372]:main():gmm-align-compiled.cc:127) AS012M0079
LOG (gmm-align-compiled[5.5.1016~1-5a372]:main():gmm-align-compiled.cc:127) AS012M0080
LOG (gmm-align-compiled[5.5.1016~1-5a372]:main():gmm-align-compiled.cc:135) Overall log-likelihood per frame is -97.2894 over 111680 frames.
LOG (gmm-align-compiled[5.5.1016~1-5a372]:main():gmm-align-compiled.cc:137) Retried 20 out of 160 utterances.
LOG (gmm-align-compiled[5.5.1016~1-5a372]:main():gmm-align-compiled.cc:139) Done 160, errors on 0
# Accounting: time=2 threads=1
# Ended (code 0) at Tue Apr 19 17:25:02 IST 2022, elapsed time 2 seconds
