# gmm-align-compiled --transition-scale=1.0 --acoustic-scale=0.1 --self-loop-scale=0.1 --beam=6 --retry-beam=40 --careful=false "gmm-boost-silence --boost=1.0 1 exp/mono/1.mdl - |" "ark:gunzip -c exp/mono/fsts.3.gz|" "ark,s,cs:apply-cmvn  --utt2spk=ark:data/train/split4/3/utt2spk scp:data/train/split4/3/cmvn.scp scp:data/train/split4/3/feats.scp ark:- | add-deltas  ark:- ark:- |" "ark,t:|gzip -c >exp/mono/ali.3.gz" 
# Started at Tue Apr 19 17:24:49 IST 2022
#
gmm-align-compiled --transition-scale=1.0 --acoustic-scale=0.1 --self-loop-scale=0.1 --beam=6 --retry-beam=40 --careful=false 'gmm-boost-silence --boost=1.0 1 exp/mono/1.mdl - |' 'ark:gunzip -c exp/mono/fsts.3.gz|' 'ark,s,cs:apply-cmvn  --utt2spk=ark:data/train/split4/3/utt2spk scp:data/train/split4/3/cmvn.scp scp:data/train/split4/3/feats.scp ark:- | add-deltas  ark:- ark:- |' 'ark,t:|gzip -c >exp/mono/ali.3.gz' 
gmm-boost-silence --boost=1.0 1 exp/mono/1.mdl - 
WARNING (gmm-boost-silence[5.5.1016~1-5a372]:main():gmm-boost-silence.cc:82) The pdfs for the silence phones may be shared by other phones (note: this probably does not matter.)
LOG (gmm-boost-silence[5.5.1016~1-5a372]:main():gmm-boost-silence.cc:93) Boosted weights for 3 pdfs, by factor of 1
LOG (gmm-boost-silence[5.5.1016~1-5a372]:main():gmm-boost-silence.cc:103) Wrote model to -
add-deltas ark:- ark:- 
apply-cmvn --utt2spk=ark:data/train/split4/3/utt2spk scp:data/train/split4/3/cmvn.scp scp:data/train/split4/3/feats.scp ark:- 
LOG (gmm-align-compiled[5.5.1016~1-5a372]:main():gmm-align-compiled.cc:127) AS015M0001
WARNING (gmm-align-compiled[5.5.1016~1-5a372]:AlignUtteranceWrapper():decoder-wrappers.cc:617) Retrying utterance AS015M0001 with beam 40
LOG (gmm-align-compiled[5.5.1016~1-5a372]:main():gmm-align-compiled.cc:127) AS015M0002
WARNING (gmm-align-compiled[5.5.1016~1-5a372]:AlignUtteranceWrapper():decoder-wrappers.cc:617) Retrying utterance AS015M0002 with beam 40
LOG (gmm-align-compiled[5.5.1016~1-5a372]:main():gmm-align-compiled.cc:127) AS015M0003
LOG (gmm-align-compiled[5.5.1016~1-5a372]:main():gmm-align-compiled.cc:127) AS015M0004
WARNING (gmm-align-compiled[5.5.1016~1-5a372]:AlignUtteranceWrapper():decoder-wrappers.cc:617) Retrying utterance AS015M0004 with beam 40
LOG (gmm-align-compiled[5.5.1016~1-5a372]:main():gmm-align-compiled.cc:127) AS015M0005
WARNING (gmm-align-compiled[5.5.1016~1-5a372]:AlignUtteranceWrapper():decoder-wrappers.cc:617) Retrying utterance AS015M0005 with beam 40
LOG (gmm-align-compiled[5.5.1016~1-5a372]:main():gmm-align-compiled.cc:127) AS015M0006
WARNING (gmm-align-compiled[5.5.1016~1-5a372]:AlignUtteranceWrapper():decoder-wrappers.cc:617) Retrying utterance AS015M0006 with beam 40
LOG (gmm-align-compiled[5.5.1016~1-5a372]:main():gmm-align-compiled.cc:127) AS015M0007
LOG (gmm-align-compiled[5.5.1016~1-5a372]:main():gmm-align-compiled.cc:127) AS015M0008
WARNING (gmm-align-compiled[5.5.1016~1-5a372]:AlignUtteranceWrapper():decoder-wrappers.cc:617) Retrying utterance AS015M0008 with beam 40
LOG (gmm-align-compiled[5.5.1016~1-5a372]:main():gmm-align-compiled.cc:127) AS015M0009
LOG (gmm-align-compiled[5.5.1016~1-5a372]:main():gmm-align-compiled.cc:127) AS015M0010
LOG (gmm-align-compiled[5.5.1016~1-5a372]:main():gmm-align-compiled.cc:127) AS015M0011
WARNING (gmm-align-compiled[5.5.1016~1-5a372]:AlignUtteranceWrapper():decoder-wrappers.cc:617) Retrying utterance AS015M0011 with beam 40
LOG (gmm-align-compiled[5.5.1016~1-5a372]:main():gmm-align-compiled.cc:127) AS015M0012
WARNING (gmm-align-compiled[5.5.1016~1-5a372]:AlignUtteranceWrapper():decoder-wrappers.cc:617) Retrying utterance AS015M0012 with beam 40
LOG (gmm-align-compiled[5.5.1016~1-5a372]:main():gmm-align-compiled.cc:127) AS015M0013
WARNING (gmm-align-compiled[5.5.1016~1-5a372]:AlignUtteranceWrapper():decoder-wrappers.cc:617) Retrying utterance AS015M0013 with beam 40
LOG (gmm-align-compiled[5.5.1016~1-5a372]:main():gmm-align-compiled.cc:127) AS015M0014
WARNING (gmm-align-compiled[5.5.1016~1-5a372]:AlignUtteranceWrapper():decoder-wrappers.cc:617) Retrying utterance AS015M0014 with beam 40
LOG (gmm-align-compiled[5.5.1016~1-5a372]:main():gmm-align-compiled.cc:127) AS015M0015
WARNING (gmm-align-compiled[5.5.1016~1-5a372]:AlignUtteranceWrapper():decoder-wrappers.cc:617) Retrying utterance AS015M0015 with beam 40
LOG (gmm-align-compiled[5.5.1016~1-5a372]:main():gmm-align-compiled.cc:127) AS015M0016
LOG (gmm-align-compiled[5.5.1016~1-5a372]:main():gmm-align-compiled.cc:127) AS015M0017
WARNING (gmm-align-compiled[5.5.1016~1-5a372]:AlignUtteranceWrapper():decoder-wrappers.cc:617) Retrying utterance AS015M0017 with beam 40
LOG (gmm-align-compiled[5.5.1016~1-5a372]:main():gmm-align-compiled.cc:127) AS015M0018
WARNING (gmm-align-compiled[5.5.1016~1-5a372]:AlignUtteranceWrapper():decoder-wrappers.cc:617) Retrying utterance AS015M0018 with beam 40
LOG (gmm-align-compiled[5.5.1016~1-5a372]:main():gmm-align-compiled.cc:127) AS015M0019
WARNING (gmm-align-compiled[5.5.1016~1-5a372]:AlignUtteranceWrapper():decoder-wrappers.cc:617) Retrying utterance AS015M0019 with beam 40
LOG (gmm-align-compiled[5.5.1016~1-5a372]:main():gmm-align-compiled.cc:127) AS015M0020
WARNING (gmm-align-compiled[5.5.1016~1-5a372]:AlignUtteranceWrapper():decoder-wrappers.cc:617) Retrying utterance AS015M0020 with beam 40
LOG (gmm-align-compiled[5.5.1016~1-5a372]:main():gmm-align-compiled.cc:127) AS015M0021
WARNING (gmm-align-compiled[5.5.1016~1-5a372]:AlignUtteranceWrapper():decoder-wrappers.cc:617) Retrying utterance AS015M0021 with beam 40
LOG (gmm-align-compiled[5.5.1016~1-5a372]:main():gmm-align-compiled.cc:127) AS015M0022
WARNING (gmm-align-compiled[5.5.1016~1-5a372]:AlignUtteranceWrapper():decoder-wrappers.cc:617) Retrying utterance AS015M0022 with beam 40
LOG (gmm-align-compiled[5.5.1016~1-5a372]:main():gmm-align-compiled.cc:127) AS015M0023
WARNING (gmm-align-compiled[5.5.1016~1-5a372]:AlignUtteranceWrapper():decoder-wrappers.cc:617) Retrying utterance AS015M0023 with beam 40
LOG (gmm-align-compiled[5.5.1016~1-5a372]:main():gmm-align-compiled.cc:127) AS015M0024
WARNING (gmm-align-compiled[5.5.1016~1-5a372]:AlignUtteranceWrapper():decoder-wrappers.cc:617) Retrying utterance AS015M0024 with beam 40
LOG (gmm-align-compiled[5.5.1016~1-5a372]:main():gmm-align-compiled.cc:127) AS015M0025
WARNING (gmm-align-compiled[5.5.1016~1-5a372]:AlignUtteranceWrapper():decoder-wrappers.cc:617) Retrying utterance AS015M0025 with beam 40
LOG (gmm-align-compiled[5.5.1016~1-5a372]:main():gmm-align-compiled.cc:127) AS015M0026
WARNING (gmm-align-compiled[5.5.1016~1-5a372]:AlignUtteranceWrapper():decoder-wrappers.cc:617) Retrying utterance AS015M0026 with beam 40
LOG (gmm-align-compiled[5.5.1016~1-5a372]:main():gmm-align-compiled.cc:127) AS015M0027
WARNING (gmm-align-compiled[5.5.1016~1-5a372]:AlignUtteranceWrapper():decoder-wrappers.cc:617) Retrying utterance AS015M0027 with beam 40
LOG (gmm-align-compiled[5.5.1016~1-5a372]:main():gmm-align-compiled.cc:127) AS015M0028
WARNING (gmm-align-compiled[5.5.1016~1-5a372]:AlignUtteranceWrapper():decoder-wrappers.cc:617) Retrying utterance AS015M0028 with beam 40
LOG (gmm-align-compiled[5.5.1016~1-5a372]:main():gmm-align-compiled.cc:127) AS015M0029
LOG (gmm-align-compiled[5.5.1016~1-5a372]:main():gmm-align-compiled.cc:127) AS015M0030
LOG (gmm-align-compiled[5.5.1016~1-5a372]:main():gmm-align-compiled.cc:127) AS015M0031
WARNING (gmm-align-compiled[5.5.1016~1-5a372]:AlignUtteranceWrapper():decoder-wrappers.cc:617) Retrying utterance AS015M0031 with beam 40
LOG (gmm-align-compiled[5.5.1016~1-5a372]:main():gmm-align-compiled.cc:127) AS015M0032
WARNING (gmm-align-compiled[5.5.1016~1-5a372]:AlignUtteranceWrapper():decoder-wrappers.cc:617) Retrying utterance AS015M0032 with beam 40
LOG (gmm-align-compiled[5.5.1016~1-5a372]:main():gmm-align-compiled.cc:127) AS015M0033
LOG (gmm-align-compiled[5.5.1016~1-5a372]:main():gmm-align-compiled.cc:127) AS015M0034
WARNING (gmm-align-compiled[5.5.1016~1-5a372]:AlignUtteranceWrapper():decoder-wrappers.cc:617) Retrying utterance AS015M0034 with beam 40
LOG (gmm-align-compiled[5.5.1016~1-5a372]:main():gmm-align-compiled.cc:127) AS015M0035
LOG (gmm-align-compiled[5.5.1016~1-5a372]:main():gmm-align-compiled.cc:127) AS015M0036
LOG (gmm-align-compiled[5.5.1016~1-5a372]:main():gmm-align-compiled.cc:127) AS015M0037
WARNING (gmm-align-compiled[5.5.1016~1-5a372]:AlignUtteranceWrapper():decoder-wrappers.cc:617) Retrying utterance AS015M0037 with beam 40
LOG (gmm-align-compiled[5.5.1016~1-5a372]:main():gmm-align-compiled.cc:127) AS015M0038
LOG (gmm-align-compiled[5.5.1016~1-5a372]:main():gmm-align-compiled.cc:127) AS015M0039
WARNING (gmm-align-compiled[5.5.1016~1-5a372]:AlignUtteranceWrapper():decoder-wrappers.cc:617) Retrying utterance AS015M0039 with beam 40
LOG (gmm-align-compiled[5.5.1016~1-5a372]:main():gmm-align-compiled.cc:127) AS015M0040
WARNING (gmm-align-compiled[5.5.1016~1-5a372]:AlignUtteranceWrapper():decoder-wrappers.cc:617) Retrying utterance AS015M0040 with beam 40
LOG (gmm-align-compiled[5.5.1016~1-5a372]:main():gmm-align-compiled.cc:127) AS015M0041
WARNING (gmm-align-compiled[5.5.1016~1-5a372]:AlignUtteranceWrapper():decoder-wrappers.cc:617) Retrying utterance AS015M0041 with beam 40
LOG (gmm-align-compiled[5.5.1016~1-5a372]:main():gmm-align-compiled.cc:127) AS015M0042
WARNING (gmm-align-compiled[5.5.1016~1-5a372]:AlignUtteranceWrapper():decoder-wrappers.cc:617) Retrying utterance AS015M0042 with beam 40
LOG (gmm-align-compiled[5.5.1016~1-5a372]:main():gmm-align-compiled.cc:127) AS015M0043
LOG (gmm-align-compiled[5.5.1016~1-5a372]:main():gmm-align-compiled.cc:127) AS015M0044
WARNING (gmm-align-compiled[5.5.1016~1-5a372]:AlignUtteranceWrapper():decoder-wrappers.cc:617) Retrying utterance AS015M0044 with beam 40
LOG (gmm-align-compiled[5.5.1016~1-5a372]:main():gmm-align-compiled.cc:127) AS015M0045
LOG (gmm-align-compiled[5.5.1016~1-5a372]:main():gmm-align-compiled.cc:127) AS015M0046
WARNING (gmm-align-compiled[5.5.1016~1-5a372]:AlignUtteranceWrapper():decoder-wrappers.cc:617) Retrying utterance AS015M0046 with beam 40
LOG (gmm-align-compiled[5.5.1016~1-5a372]:main():gmm-align-compiled.cc:127) AS015M0047
WARNING (gmm-align-compiled[5.5.1016~1-5a372]:AlignUtteranceWrapper():decoder-wrappers.cc:617) Retrying utterance AS015M0047 with beam 40
LOG (gmm-align-compiled[5.5.1016~1-5a372]:main():gmm-align-compiled.cc:127) AS015M0048
WARNING (gmm-align-compiled[5.5.1016~1-5a372]:AlignUtteranceWrapper():decoder-wrappers.cc:617) Retrying utterance AS015M0048 with beam 40
LOG (gmm-align-compiled[5.5.1016~1-5a372]:main():gmm-align-compiled.cc:127) AS015M0049
WARNING (gmm-align-compiled[5.5.1016~1-5a372]:AlignUtteranceWrapper():decoder-wrappers.cc:617) Retrying utterance AS015M0049 with beam 40
LOG (gmm-align-compiled[5.5.1016~1-5a372]:main():gmm-align-compiled.cc:127) AS015M0050
LOG (gmm-align-compiled[5.5.1016~1-5a372]:main():gmm-align-compiled.cc:127) AS015M0051
LOG (gmm-align-compiled[5.5.1016~1-5a372]:main():gmm-align-compiled.cc:127) AS015M0052
WARNING (gmm-align-compiled[5.5.1016~1-5a372]:AlignUtteranceWrapper():decoder-wrappers.cc:617) Retrying utterance AS015M0052 with beam 40
LOG (gmm-align-compiled[5.5.1016~1-5a372]:main():gmm-align-compiled.cc:127) AS015M0053
LOG (gmm-align-compiled[5.5.1016~1-5a372]:main():gmm-align-compiled.cc:127) AS015M0054
LOG (gmm-align-compiled[5.5.1016~1-5a372]:main():gmm-align-compiled.cc:127) AS015M0055
LOG (gmm-align-compiled[5.5.1016~1-5a372]:main():gmm-align-compiled.cc:127) AS015M0056
LOG (gmm-align-compiled[5.5.1016~1-5a372]:main():gmm-align-compiled.cc:127) AS015M0057
WARNING (gmm-align-compiled[5.5.1016~1-5a372]:AlignUtteranceWrapper():decoder-wrappers.cc:617) Retrying utterance AS015M0057 with beam 40
LOG (gmm-align-compiled[5.5.1016~1-5a372]:main():gmm-align-compiled.cc:127) AS015M0058
WARNING (gmm-align-compiled[5.5.1016~1-5a372]:AlignUtteranceWrapper():decoder-wrappers.cc:617) Retrying utterance AS015M0058 with beam 40
LOG (gmm-align-compiled[5.5.1016~1-5a372]:main():gmm-align-compiled.cc:127) AS015M0059
WARNING (gmm-align-compiled[5.5.1016~1-5a372]:AlignUtteranceWrapper():decoder-wrappers.cc:617) Retrying utterance AS015M0059 with beam 40
LOG (gmm-align-compiled[5.5.1016~1-5a372]:main():gmm-align-compiled.cc:127) AS015M0060
WARNING (gmm-align-compiled[5.5.1016~1-5a372]:AlignUtteranceWrapper():decoder-wrappers.cc:617) Retrying utterance AS015M0060 with beam 40
LOG (gmm-align-compiled[5.5.1016~1-5a372]:main():gmm-align-compiled.cc:127) AS015M0061
WARNING (gmm-align-compiled[5.5.1016~1-5a372]:AlignUtteranceWrapper():decoder-wrappers.cc:617) Retrying utterance AS015M0061 with beam 40
LOG (gmm-align-compiled[5.5.1016~1-5a372]:main():gmm-align-compiled.cc:127) AS015M0062
WARNING (gmm-align-compiled[5.5.1016~1-5a372]:AlignUtteranceWrapper():decoder-wrappers.cc:617) Retrying utterance AS015M0062 with beam 40
LOG (gmm-align-compiled[5.5.1016~1-5a372]:main():gmm-align-compiled.cc:127) AS015M0063
LOG (gmm-align-compiled[5.5.1016~1-5a372]:main():gmm-align-compiled.cc:127) AS015M0064
LOG (gmm-align-compiled[5.5.1016~1-5a372]:main():gmm-align-compiled.cc:127) AS015M0065
WARNING (gmm-align-compiled[5.5.1016~1-5a372]:AlignUtteranceWrapper():decoder-wrappers.cc:617) Retrying utterance AS015M0065 with beam 40
LOG (gmm-align-compiled[5.5.1016~1-5a372]:main():gmm-align-compiled.cc:127) AS015M0066
WARNING (gmm-align-compiled[5.5.1016~1-5a372]:AlignUtteranceWrapper():decoder-wrappers.cc:617) Retrying utterance AS015M0066 with beam 40
LOG (gmm-align-compiled[5.5.1016~1-5a372]:main():gmm-align-compiled.cc:127) AS015M0067
LOG (gmm-align-compiled[5.5.1016~1-5a372]:main():gmm-align-compiled.cc:127) AS015M0068
WARNING (gmm-align-compiled[5.5.1016~1-5a372]:AlignUtteranceWrapper():decoder-wrappers.cc:617) Retrying utterance AS015M0068 with beam 40
LOG (gmm-align-compiled[5.5.1016~1-5a372]:main():gmm-align-compiled.cc:127) AS015M0069
WARNING (gmm-align-compiled[5.5.1016~1-5a372]:AlignUtteranceWrapper():decoder-wrappers.cc:617) Retrying utterance AS015M0069 with beam 40
LOG (gmm-align-compiled[5.5.1016~1-5a372]:main():gmm-align-compiled.cc:127) AS015M0070
LOG (gmm-align-compiled[5.5.1016~1-5a372]:main():gmm-align-compiled.cc:127) AS015M0071
WARNING (gmm-align-compiled[5.5.1016~1-5a372]:AlignUtteranceWrapper():decoder-wrappers.cc:617) Retrying utterance AS015M0071 with beam 40
LOG (gmm-align-compiled[5.5.1016~1-5a372]:main():gmm-align-compiled.cc:127) AS015M0072
LOG (gmm-align-compiled[5.5.1016~1-5a372]:main():gmm-align-compiled.cc:127) AS015M0073
WARNING (gmm-align-compiled[5.5.1016~1-5a372]:AlignUtteranceWrapper():decoder-wrappers.cc:617) Retrying utterance AS015M0073 with beam 40
LOG (gmm-align-compiled[5.5.1016~1-5a372]:main():gmm-align-compiled.cc:127) AS015M0074
WARNING (gmm-align-compiled[5.5.1016~1-5a372]:AlignUtteranceWrapper():decoder-wrappers.cc:617) Retrying utterance AS015M0074 with beam 40
LOG (gmm-align-compiled[5.5.1016~1-5a372]:main():gmm-align-compiled.cc:127) AS015M0075
LOG (gmm-align-compiled[5.5.1016~1-5a372]:main():gmm-align-compiled.cc:127) AS015M0076
WARNING (gmm-align-compiled[5.5.1016~1-5a372]:AlignUtteranceWrapper():decoder-wrappers.cc:617) Retrying utterance AS015M0076 with beam 40
LOG (gmm-align-compiled[5.5.1016~1-5a372]:main():gmm-align-compiled.cc:127) AS015M0077
WARNING (gmm-align-compiled[5.5.1016~1-5a372]:AlignUtteranceWrapper():decoder-wrappers.cc:617) Retrying utterance AS015M0077 with beam 40
LOG (gmm-align-compiled[5.5.1016~1-5a372]:main():gmm-align-compiled.cc:127) AS015M0078
WARNING (gmm-align-compiled[5.5.1016~1-5a372]:AlignUtteranceWrapper():decoder-wrappers.cc:617) Retrying utterance AS015M0078 with beam 40
LOG (gmm-align-compiled[5.5.1016~1-5a372]:main():gmm-align-compiled.cc:127) AS015M0079
WARNING (gmm-align-compiled[5.5.1016~1-5a372]:AlignUtteranceWrapper():decoder-wrappers.cc:617) Retrying utterance AS015M0079 with beam 40
LOG (gmm-align-compiled[5.5.1016~1-5a372]:main():gmm-align-compiled.cc:127) AS015M0080
WARNING (gmm-align-compiled[5.5.1016~1-5a372]:AlignUtteranceWrapper():decoder-wrappers.cc:617) Retrying utterance AS015M0080 with beam 40
LOG (gmm-align-compiled[5.5.1016~1-5a372]:main():gmm-align-compiled.cc:127) AS016F0001
WARNING (gmm-align-compiled[5.5.1016~1-5a372]:AlignUtteranceWrapper():decoder-wrappers.cc:617) Retrying utterance AS016F0001 with beam 40
LOG (gmm-align-compiled[5.5.1016~1-5a372]:main():gmm-align-compiled.cc:127) AS016F0002
LOG (gmm-align-compiled[5.5.1016~1-5a372]:main():gmm-align-compiled.cc:127) AS016F0003
LOG (gmm-align-compiled[5.5.1016~1-5a372]:main():gmm-align-compiled.cc:127) AS016F0004
LOG (gmm-align-compiled[5.5.1016~1-5a372]:main():gmm-align-compiled.cc:127) AS016F0005
WARNING (gmm-align-compiled[5.5.1016~1-5a372]:AlignUtteranceWrapper():decoder-wrappers.cc:617) Retrying utterance AS016F0005 with beam 40
LOG (gmm-align-compiled[5.5.1016~1-5a372]:main():gmm-align-compiled.cc:127) AS016F0006
WARNING (gmm-align-compiled[5.5.1016~1-5a372]:AlignUtteranceWrapper():decoder-wrappers.cc:617) Retrying utterance AS016F0006 with beam 40
LOG (gmm-align-compiled[5.5.1016~1-5a372]:main():gmm-align-compiled.cc:127) AS016F0007
LOG (gmm-align-compiled[5.5.1016~1-5a372]:main():gmm-align-compiled.cc:127) AS016F0008
WARNING (gmm-align-compiled[5.5.1016~1-5a372]:AlignUtteranceWrapper():decoder-wrappers.cc:617) Retrying utterance AS016F0008 with beam 40
LOG (gmm-align-compiled[5.5.1016~1-5a372]:main():gmm-align-compiled.cc:127) AS016F0009
LOG (gmm-align-compiled[5.5.1016~1-5a372]:main():gmm-align-compiled.cc:127) AS016F0010
WARNING (gmm-align-compiled[5.5.1016~1-5a372]:AlignUtteranceWrapper():decoder-wrappers.cc:617) Retrying utterance AS016F0010 with beam 40
LOG (gmm-align-compiled[5.5.1016~1-5a372]:main():gmm-align-compiled.cc:127) AS016F0011
WARNING (gmm-align-compiled[5.5.1016~1-5a372]:AlignUtteranceWrapper():decoder-wrappers.cc:617) Retrying utterance AS016F0011 with beam 40
LOG (gmm-align-compiled[5.5.1016~1-5a372]:main():gmm-align-compiled.cc:127) AS016F0012
WARNING (gmm-align-compiled[5.5.1016~1-5a372]:AlignUtteranceWrapper():decoder-wrappers.cc:617) Retrying utterance AS016F0012 with beam 40
LOG (gmm-align-compiled[5.5.1016~1-5a372]:main():gmm-align-compiled.cc:127) AS016F0013
LOG (gmm-align-compiled[5.5.1016~1-5a372]:main():gmm-align-compiled.cc:127) AS016F0014
WARNING (gmm-align-compiled[5.5.1016~1-5a372]:AlignUtteranceWrapper():decoder-wrappers.cc:617) Retrying utterance AS016F0014 with beam 40
LOG (gmm-align-compiled[5.5.1016~1-5a372]:main():gmm-align-compiled.cc:127) AS016F0015
WARNING (gmm-align-compiled[5.5.1016~1-5a372]:AlignUtteranceWrapper():decoder-wrappers.cc:617) Retrying utterance AS016F0015 with beam 40
LOG (gmm-align-compiled[5.5.1016~1-5a372]:main():gmm-align-compiled.cc:127) AS016F0016
LOG (gmm-align-compiled[5.5.1016~1-5a372]:main():gmm-align-compiled.cc:127) AS016F0017
WARNING (gmm-align-compiled[5.5.1016~1-5a372]:AlignUtteranceWrapper():decoder-wrappers.cc:617) Retrying utterance AS016F0017 with beam 40
LOG (gmm-align-compiled[5.5.1016~1-5a372]:main():gmm-align-compiled.cc:127) AS016F0018
WARNING (gmm-align-compiled[5.5.1016~1-5a372]:AlignUtteranceWrapper():decoder-wrappers.cc:617) Retrying utterance AS016F0018 with beam 40
LOG (gmm-align-compiled[5.5.1016~1-5a372]:main():gmm-align-compiled.cc:127) AS016F0019
LOG (gmm-align-compiled[5.5.1016~1-5a372]:main():gmm-align-compiled.cc:127) AS016F0020
WARNING (gmm-align-compiled[5.5.1016~1-5a372]:AlignUtteranceWrapper():decoder-wrappers.cc:617) Retrying utterance AS016F0020 with beam 40
LOG (gmm-align-compiled[5.5.1016~1-5a372]:main():gmm-align-compiled.cc:127) AS016F0021
WARNING (gmm-align-compiled[5.5.1016~1-5a372]:AlignUtteranceWrapper():decoder-wrappers.cc:617) Retrying utterance AS016F0021 with beam 40
LOG (gmm-align-compiled[5.5.1016~1-5a372]:main():gmm-align-compiled.cc:127) AS016F0022
LOG (gmm-align-compiled[5.5.1016~1-5a372]:main():gmm-align-compiled.cc:127) AS016F0023
WARNING (gmm-align-compiled[5.5.1016~1-5a372]:AlignUtteranceWrapper():decoder-wrappers.cc:617) Retrying utterance AS016F0023 with beam 40
LOG (gmm-align-compiled[5.5.1016~1-5a372]:main():gmm-align-compiled.cc:127) AS016F0024
WARNING (gmm-align-compiled[5.5.1016~1-5a372]:AlignUtteranceWrapper():decoder-wrappers.cc:617) Retrying utterance AS016F0024 with beam 40
LOG (gmm-align-compiled[5.5.1016~1-5a372]:main():gmm-align-compiled.cc:127) AS016F0025
LOG (gmm-align-compiled[5.5.1016~1-5a372]:main():gmm-align-compiled.cc:127) AS016F0026
WARNING (gmm-align-compiled[5.5.1016~1-5a372]:AlignUtteranceWrapper():decoder-wrappers.cc:617) Retrying utterance AS016F0026 with beam 40
LOG (gmm-align-compiled[5.5.1016~1-5a372]:main():gmm-align-compiled.cc:127) AS016F0027
WARNING (gmm-align-compiled[5.5.1016~1-5a372]:AlignUtteranceWrapper():decoder-wrappers.cc:617) Retrying utterance AS016F0027 with beam 40
LOG (gmm-align-compiled[5.5.1016~1-5a372]:main():gmm-align-compiled.cc:127) AS016F0028
WARNING (gmm-align-compiled[5.5.1016~1-5a372]:AlignUtteranceWrapper():decoder-wrappers.cc:617) Retrying utterance AS016F0028 with beam 40
LOG (gmm-align-compiled[5.5.1016~1-5a372]:main():gmm-align-compiled.cc:127) AS016F0029
LOG (gmm-align-compiled[5.5.1016~1-5a372]:main():gmm-align-compiled.cc:127) AS016F0030
LOG (gmm-align-compiled[5.5.1016~1-5a372]:main():gmm-align-compiled.cc:127) AS016F0031
LOG (gmm-align-compiled[5.5.1016~1-5a372]:main():gmm-align-compiled.cc:127) AS016F0032
WARNING (gmm-align-compiled[5.5.1016~1-5a372]:AlignUtteranceWrapper():decoder-wrappers.cc:617) Retrying utterance AS016F0032 with beam 40
LOG (gmm-align-compiled[5.5.1016~1-5a372]:main():gmm-align-compiled.cc:127) AS016F0033
LOG (gmm-align-compiled[5.5.1016~1-5a372]:main():gmm-align-compiled.cc:127) AS016F0034
WARNING (gmm-align-compiled[5.5.1016~1-5a372]:AlignUtteranceWrapper():decoder-wrappers.cc:617) Retrying utterance AS016F0034 with beam 40
LOG (gmm-align-compiled[5.5.1016~1-5a372]:main():gmm-align-compiled.cc:127) AS016F0035
LOG (gmm-align-compiled[5.5.1016~1-5a372]:main():gmm-align-compiled.cc:127) AS016F0036
WARNING (gmm-align-compiled[5.5.1016~1-5a372]:AlignUtteranceWrapper():decoder-wrappers.cc:617) Retrying utterance AS016F0036 with beam 40
LOG (gmm-align-compiled[5.5.1016~1-5a372]:main():gmm-align-compiled.cc:127) AS016F0037
WARNING (gmm-align-compiled[5.5.1016~1-5a372]:AlignUtteranceWrapper():decoder-wrappers.cc:617) Retrying utterance AS016F0037 with beam 40
LOG (gmm-align-compiled[5.5.1016~1-5a372]:main():gmm-align-compiled.cc:127) AS016F0038
LOG (gmm-align-compiled[5.5.1016~1-5a372]:main():gmm-align-compiled.cc:127) AS016F0039
WARNING (gmm-align-compiled[5.5.1016~1-5a372]:AlignUtteranceWrapper():decoder-wrappers.cc:617) Retrying utterance AS016F0039 with beam 40
LOG (gmm-align-compiled[5.5.1016~1-5a372]:main():gmm-align-compiled.cc:127) AS016F0040
WARNING (gmm-align-compiled[5.5.1016~1-5a372]:AlignUtteranceWrapper():decoder-wrappers.cc:617) Retrying utterance AS016F0040 with beam 40
LOG (gmm-align-compiled[5.5.1016~1-5a372]:main():gmm-align-compiled.cc:127) AS016F0041
WARNING (gmm-align-compiled[5.5.1016~1-5a372]:AlignUtteranceWrapper():decoder-wrappers.cc:617) Retrying utterance AS016F0041 with beam 40
LOG (gmm-align-compiled[5.5.1016~1-5a372]:main():gmm-align-compiled.cc:127) AS016F0042
WARNING (gmm-align-compiled[5.5.1016~1-5a372]:AlignUtteranceWrapper():decoder-wrappers.cc:617) Retrying utterance AS016F0042 with beam 40
LOG (gmm-align-compiled[5.5.1016~1-5a372]:main():gmm-align-compiled.cc:127) AS016F0043
LOG (gmm-align-compiled[5.5.1016~1-5a372]:main():gmm-align-compiled.cc:127) AS016F0044
WARNING (gmm-align-compiled[5.5.1016~1-5a372]:AlignUtteranceWrapper():decoder-wrappers.cc:617) Retrying utterance AS016F0044 with beam 40
LOG (gmm-align-compiled[5.5.1016~1-5a372]:main():gmm-align-compiled.cc:127) AS016F0045
WARNING (gmm-align-compiled[5.5.1016~1-5a372]:AlignUtteranceWrapper():decoder-wrappers.cc:617) Retrying utterance AS016F0045 with beam 40
LOG (gmm-align-compiled[5.5.1016~1-5a372]:main():gmm-align-compiled.cc:127) AS016F0046
WARNING (gmm-align-compiled[5.5.1016~1-5a372]:AlignUtteranceWrapper():decoder-wrappers.cc:617) Retrying utterance AS016F0046 with beam 40
LOG (gmm-align-compiled[5.5.1016~1-5a372]:main():gmm-align-compiled.cc:127) AS016F0047
LOG (gmm-align-compiled[5.5.1016~1-5a372]:main():gmm-align-compiled.cc:127) AS016F0048
LOG (gmm-align-compiled[5.5.1016~1-5a372]:main():gmm-align-compiled.cc:127) AS016F0049
LOG (gmm-align-compiled[5.5.1016~1-5a372]:main():gmm-align-compiled.cc:127) AS016F0050
LOG (gmm-align-compiled[5.5.1016~1-5a372]:main():gmm-align-compiled.cc:127) AS016F0051
WARNING (gmm-align-compiled[5.5.1016~1-5a372]:AlignUtteranceWrapper():decoder-wrappers.cc:617) Retrying utterance AS016F0051 with beam 40
LOG (gmm-align-compiled[5.5.1016~1-5a372]:main():gmm-align-compiled.cc:127) AS016F0052
LOG (gmm-align-compiled[5.5.1016~1-5a372]:main():gmm-align-compiled.cc:127) AS016F0053
LOG (gmm-align-compiled[5.5.1016~1-5a372]:main():gmm-align-compiled.cc:127) AS016F0054
WARNING (gmm-align-compiled[5.5.1016~1-5a372]:AlignUtteranceWrapper():decoder-wrappers.cc:617) Retrying utterance AS016F0054 with beam 40
LOG (gmm-align-compiled[5.5.1016~1-5a372]:main():gmm-align-compiled.cc:127) AS016F0055
LOG (gmm-align-compiled[5.5.1016~1-5a372]:main():gmm-align-compiled.cc:127) AS016F0056
WARNING (gmm-align-compiled[5.5.1016~1-5a372]:AlignUtteranceWrapper():decoder-wrappers.cc:617) Retrying utterance AS016F0056 with beam 40
LOG (gmm-align-compiled[5.5.1016~1-5a372]:main():gmm-align-compiled.cc:127) AS016F0057
WARNING (gmm-align-compiled[5.5.1016~1-5a372]:AlignUtteranceWrapper():decoder-wrappers.cc:617) Retrying utterance AS016F0057 with beam 40
LOG (gmm-align-compiled[5.5.1016~1-5a372]:main():gmm-align-compiled.cc:127) AS016F0058
WARNING (gmm-align-compiled[5.5.1016~1-5a372]:AlignUtteranceWrapper():decoder-wrappers.cc:617) Retrying utterance AS016F0058 with beam 40
LOG (gmm-align-compiled[5.5.1016~1-5a372]:main():gmm-align-compiled.cc:127) AS016F0059
WARNING (gmm-align-compiled[5.5.1016~1-5a372]:AlignUtteranceWrapper():decoder-wrappers.cc:617) Retrying utterance AS016F0059 with beam 40
LOG (gmm-align-compiled[5.5.1016~1-5a372]:main():gmm-align-compiled.cc:127) AS016F0060
WARNING (gmm-align-compiled[5.5.1016~1-5a372]:AlignUtteranceWrapper():decoder-wrappers.cc:617) Retrying utterance AS016F0060 with beam 40
LOG (gmm-align-compiled[5.5.1016~1-5a372]:main():gmm-align-compiled.cc:127) AS016F0061
LOG (gmm-align-compiled[5.5.1016~1-5a372]:main():gmm-align-compiled.cc:127) AS016F0062
WARNING (gmm-align-compiled[5.5.1016~1-5a372]:AlignUtteranceWrapper():decoder-wrappers.cc:617) Retrying utterance AS016F0062 with beam 40
LOG (gmm-align-compiled[5.5.1016~1-5a372]:main():gmm-align-compiled.cc:127) AS016F0063
LOG (gmm-align-compiled[5.5.1016~1-5a372]:main():gmm-align-compiled.cc:127) AS016F0064
WARNING (gmm-align-compiled[5.5.1016~1-5a372]:AlignUtteranceWrapper():decoder-wrappers.cc:617) Retrying utterance AS016F0064 with beam 40
LOG (gmm-align-compiled[5.5.1016~1-5a372]:main():gmm-align-compiled.cc:127) AS016F0065
WARNING (gmm-align-compiled[5.5.1016~1-5a372]:AlignUtteranceWrapper():decoder-wrappers.cc:617) Retrying utterance AS016F0065 with beam 40
LOG (gmm-align-compiled[5.5.1016~1-5a372]:main():gmm-align-compiled.cc:127) AS016F0066
LOG (gmm-align-compiled[5.5.1016~1-5a372]:main():gmm-align-compiled.cc:127) AS016F0067
WARNING (gmm-align-compiled[5.5.1016~1-5a372]:AlignUtteranceWrapper():decoder-wrappers.cc:617) Retrying utterance AS016F0067 with beam 40
LOG (gmm-align-compiled[5.5.1016~1-5a372]:main():gmm-align-compiled.cc:127) AS016F0068
WARNING (gmm-align-compiled[5.5.1016~1-5a372]:AlignUtteranceWrapper():decoder-wrappers.cc:617) Retrying utterance AS016F0068 with beam 40
LOG (gmm-align-compiled[5.5.1016~1-5a372]:main():gmm-align-compiled.cc:127) AS016F0069
LOG (gmm-align-compiled[5.5.1016~1-5a372]:main():gmm-align-compiled.cc:127) AS016F0070
WARNING (gmm-align-compiled[5.5.1016~1-5a372]:AlignUtteranceWrapper():decoder-wrappers.cc:617) Retrying utterance AS016F0070 with beam 40
LOG (gmm-align-compiled[5.5.1016~1-5a372]:main():gmm-align-compiled.cc:127) AS016F0071
LOG (gmm-align-compiled[5.5.1016~1-5a372]:main():gmm-align-compiled.cc:127) AS016F0072
LOG (gmm-align-compiled[5.5.1016~1-5a372]:main():gmm-align-compiled.cc:127) AS016F0073
WARNING (gmm-align-compiled[5.5.1016~1-5a372]:AlignUtteranceWrapper():decoder-wrappers.cc:617) Retrying utterance AS016F0073 with beam 40
LOG (gmm-align-compiled[5.5.1016~1-5a372]:main():gmm-align-compiled.cc:127) AS016F0074
WARNING (gmm-align-compiled[5.5.1016~1-5a372]:AlignUtteranceWrapper():decoder-wrappers.cc:617) Retrying utterance AS016F0074 with beam 40
LOG (gmm-align-compiled[5.5.1016~1-5a372]:main():gmm-align-compiled.cc:127) AS016F0075
WARNING (gmm-align-compiled[5.5.1016~1-5a372]:AlignUtteranceWrapper():decoder-wrappers.cc:617) Retrying utterance AS016F0075 with beam 40
LOG (gmm-align-compiled[5.5.1016~1-5a372]:main():gmm-align-compiled.cc:127) AS016F0076
WARNING (gmm-align-compiled[5.5.1016~1-5a372]:AlignUtteranceWrapper():decoder-wrappers.cc:617) Retrying utterance AS016F0076 with beam 40
LOG (gmm-align-compiled[5.5.1016~1-5a372]:main():gmm-align-compiled.cc:127) AS016F0077
WARNING (gmm-align-compiled[5.5.1016~1-5a372]:AlignUtteranceWrapper():decoder-wrappers.cc:617) Retrying utterance AS016F0077 with beam 40
LOG (gmm-align-compiled[5.5.1016~1-5a372]:main():gmm-align-compiled.cc:127) AS016F0078
LOG (apply-cmvn[5.5.1016~1-5a372]:main():apply-cmvn.cc:162) Applied cepstral mean normalization to 160 utterances, errors on 0
LOG (gmm-align-compiled[5.5.1016~1-5a372]:main():gmm-align-compiled.cc:127) AS016F0079
WARNING (gmm-align-compiled[5.5.1016~1-5a372]:AlignUtteranceWrapper():decoder-wrappers.cc:617) Retrying utterance AS016F0079 with beam 40
LOG (gmm-align-compiled[5.5.1016~1-5a372]:main():gmm-align-compiled.cc:127) AS016F0080
WARNING (gmm-align-compiled[5.5.1016~1-5a372]:AlignUtteranceWrapper():decoder-wrappers.cc:617) Retrying utterance AS016F0080 with beam 40
LOG (gmm-align-compiled[5.5.1016~1-5a372]:main():gmm-align-compiled.cc:135) Overall log-likelihood per frame is -91.9341 over 111680 frames.
LOG (gmm-align-compiled[5.5.1016~1-5a372]:main():gmm-align-compiled.cc:137) Retried 104 out of 160 utterances.
LOG (gmm-align-compiled[5.5.1016~1-5a372]:main():gmm-align-compiled.cc:139) Done 160, errors on 0
# Accounting: time=5 threads=1
# Ended (code 0) at Tue Apr 19 17:24:54 IST 2022, elapsed time 5 seconds
