# gmm-align-compiled --transition-scale=1.0 --acoustic-scale=0.1 --self-loop-scale=0.1 --beam=6 --retry-beam=40 --careful=false "gmm-boost-silence --boost=1.0 1 exp/mono/1.mdl - |" "ark:gunzip -c exp/mono/fsts.2.gz|" "ark,s,cs:apply-cmvn  --utt2spk=ark:data/train/split4/2/utt2spk scp:data/train/split4/2/cmvn.scp scp:data/train/split4/2/feats.scp ark:- | add-deltas  ark:- ark:- |" "ark,t:|gzip -c >exp/mono/ali.2.gz" 
# Started at Tue Apr 19 17:24:49 IST 2022
#
gmm-align-compiled --transition-scale=1.0 --acoustic-scale=0.1 --self-loop-scale=0.1 --beam=6 --retry-beam=40 --careful=false 'gmm-boost-silence --boost=1.0 1 exp/mono/1.mdl - |' 'ark:gunzip -c exp/mono/fsts.2.gz|' 'ark,s,cs:apply-cmvn  --utt2spk=ark:data/train/split4/2/utt2spk scp:data/train/split4/2/cmvn.scp scp:data/train/split4/2/feats.scp ark:- | add-deltas  ark:- ark:- |' 'ark,t:|gzip -c >exp/mono/ali.2.gz' 
gmm-boost-silence --boost=1.0 1 exp/mono/1.mdl - 
WARNING (gmm-boost-silence[5.5.1016~1-5a372]:main():gmm-boost-silence.cc:82) The pdfs for the silence phones may be shared by other phones (note: this probably does not matter.)
LOG (gmm-boost-silence[5.5.1016~1-5a372]:main():gmm-boost-silence.cc:93) Boosted weights for 3 pdfs, by factor of 1
LOG (gmm-boost-silence[5.5.1016~1-5a372]:main():gmm-boost-silence.cc:103) Wrote model to -
add-deltas ark:- ark:- 
apply-cmvn --utt2spk=ark:data/train/split4/2/utt2spk scp:data/train/split4/2/cmvn.scp scp:data/train/split4/2/feats.scp ark:- 
LOG (gmm-align-compiled[5.5.1016~1-5a372]:main():gmm-align-compiled.cc:127) AS013M0001
WARNING (gmm-align-compiled[5.5.1016~1-5a372]:AlignUtteranceWrapper():decoder-wrappers.cc:617) Retrying utterance AS013M0001 with beam 40
LOG (gmm-align-compiled[5.5.1016~1-5a372]:main():gmm-align-compiled.cc:127) AS013M0002
WARNING (gmm-align-compiled[5.5.1016~1-5a372]:AlignUtteranceWrapper():decoder-wrappers.cc:617) Retrying utterance AS013M0002 with beam 40
LOG (gmm-align-compiled[5.5.1016~1-5a372]:main():gmm-align-compiled.cc:127) AS013M0003
LOG (gmm-align-compiled[5.5.1016~1-5a372]:main():gmm-align-compiled.cc:127) AS013M0004
LOG (gmm-align-compiled[5.5.1016~1-5a372]:main():gmm-align-compiled.cc:127) AS013M0005
LOG (gmm-align-compiled[5.5.1016~1-5a372]:main():gmm-align-compiled.cc:127) AS013M0006
WARNING (gmm-align-compiled[5.5.1016~1-5a372]:AlignUtteranceWrapper():decoder-wrappers.cc:617) Retrying utterance AS013M0006 with beam 40
LOG (gmm-align-compiled[5.5.1016~1-5a372]:main():gmm-align-compiled.cc:127) AS013M0007
LOG (gmm-align-compiled[5.5.1016~1-5a372]:main():gmm-align-compiled.cc:127) AS013M0008
WARNING (gmm-align-compiled[5.5.1016~1-5a372]:AlignUtteranceWrapper():decoder-wrappers.cc:617) Retrying utterance AS013M0008 with beam 40
LOG (gmm-align-compiled[5.5.1016~1-5a372]:main():gmm-align-compiled.cc:127) AS013M0009
LOG (gmm-align-compiled[5.5.1016~1-5a372]:main():gmm-align-compiled.cc:127) AS013M0010
LOG (gmm-align-compiled[5.5.1016~1-5a372]:main():gmm-align-compiled.cc:127) AS013M0011
WARNING (gmm-align-compiled[5.5.1016~1-5a372]:AlignUtteranceWrapper():decoder-wrappers.cc:617) Retrying utterance AS013M0011 with beam 40
LOG (gmm-align-compiled[5.5.1016~1-5a372]:main():gmm-align-compiled.cc:127) AS013M0012
WARNING (gmm-align-compiled[5.5.1016~1-5a372]:AlignUtteranceWrapper():decoder-wrappers.cc:617) Retrying utterance AS013M0012 with beam 40
LOG (gmm-align-compiled[5.5.1016~1-5a372]:main():gmm-align-compiled.cc:127) AS013M0013
LOG (gmm-align-compiled[5.5.1016~1-5a372]:main():gmm-align-compiled.cc:127) AS013M0014
WARNING (gmm-align-compiled[5.5.1016~1-5a372]:AlignUtteranceWrapper():decoder-wrappers.cc:617) Retrying utterance AS013M0014 with beam 40
LOG (gmm-align-compiled[5.5.1016~1-5a372]:main():gmm-align-compiled.cc:127) AS013M0015
WARNING (gmm-align-compiled[5.5.1016~1-5a372]:AlignUtteranceWrapper():decoder-wrappers.cc:617) Retrying utterance AS013M0015 with beam 40
LOG (gmm-align-compiled[5.5.1016~1-5a372]:main():gmm-align-compiled.cc:127) AS013M0016
LOG (gmm-align-compiled[5.5.1016~1-5a372]:main():gmm-align-compiled.cc:127) AS013M0017
WARNING (gmm-align-compiled[5.5.1016~1-5a372]:AlignUtteranceWrapper():decoder-wrappers.cc:617) Retrying utterance AS013M0017 with beam 40
LOG (gmm-align-compiled[5.5.1016~1-5a372]:main():gmm-align-compiled.cc:127) AS013M0018
LOG (gmm-align-compiled[5.5.1016~1-5a372]:main():gmm-align-compiled.cc:127) AS013M0019
LOG (gmm-align-compiled[5.5.1016~1-5a372]:main():gmm-align-compiled.cc:127) AS013M0020
WARNING (gmm-align-compiled[5.5.1016~1-5a372]:AlignUtteranceWrapper():decoder-wrappers.cc:617) Retrying utterance AS013M0020 with beam 40
LOG (gmm-align-compiled[5.5.1016~1-5a372]:main():gmm-align-compiled.cc:127) AS013M0021
WARNING (gmm-align-compiled[5.5.1016~1-5a372]:AlignUtteranceWrapper():decoder-wrappers.cc:617) Retrying utterance AS013M0021 with beam 40
LOG (gmm-align-compiled[5.5.1016~1-5a372]:main():gmm-align-compiled.cc:127) AS013M0022
WARNING (gmm-align-compiled[5.5.1016~1-5a372]:AlignUtteranceWrapper():decoder-wrappers.cc:617) Retrying utterance AS013M0022 with beam 40
LOG (gmm-align-compiled[5.5.1016~1-5a372]:main():gmm-align-compiled.cc:127) AS013M0023
WARNING (gmm-align-compiled[5.5.1016~1-5a372]:AlignUtteranceWrapper():decoder-wrappers.cc:617) Retrying utterance AS013M0023 with beam 40
LOG (gmm-align-compiled[5.5.1016~1-5a372]:main():gmm-align-compiled.cc:127) AS013M0024
WARNING (gmm-align-compiled[5.5.1016~1-5a372]:AlignUtteranceWrapper():decoder-wrappers.cc:617) Retrying utterance AS013M0024 with beam 40
LOG (gmm-align-compiled[5.5.1016~1-5a372]:main():gmm-align-compiled.cc:127) AS013M0025
LOG (gmm-align-compiled[5.5.1016~1-5a372]:main():gmm-align-compiled.cc:127) AS013M0026
WARNING (gmm-align-compiled[5.5.1016~1-5a372]:AlignUtteranceWrapper():decoder-wrappers.cc:617) Retrying utterance AS013M0026 with beam 40
LOG (gmm-align-compiled[5.5.1016~1-5a372]:main():gmm-align-compiled.cc:127) AS013M0027
WARNING (gmm-align-compiled[5.5.1016~1-5a372]:AlignUtteranceWrapper():decoder-wrappers.cc:617) Retrying utterance AS013M0027 with beam 40
LOG (gmm-align-compiled[5.5.1016~1-5a372]:main():gmm-align-compiled.cc:127) AS013M0028
WARNING (gmm-align-compiled[5.5.1016~1-5a372]:AlignUtteranceWrapper():decoder-wrappers.cc:617) Retrying utterance AS013M0028 with beam 40
LOG (gmm-align-compiled[5.5.1016~1-5a372]:main():gmm-align-compiled.cc:127) AS013M0029
LOG (gmm-align-compiled[5.5.1016~1-5a372]:main():gmm-align-compiled.cc:127) AS013M0030
LOG (gmm-align-compiled[5.5.1016~1-5a372]:main():gmm-align-compiled.cc:127) AS013M0031
WARNING (gmm-align-compiled[5.5.1016~1-5a372]:AlignUtteranceWrapper():decoder-wrappers.cc:617) Retrying utterance AS013M0031 with beam 40
LOG (gmm-align-compiled[5.5.1016~1-5a372]:main():gmm-align-compiled.cc:127) AS013M0032
WARNING (gmm-align-compiled[5.5.1016~1-5a372]:AlignUtteranceWrapper():decoder-wrappers.cc:617) Retrying utterance AS013M0032 with beam 40
LOG (gmm-align-compiled[5.5.1016~1-5a372]:main():gmm-align-compiled.cc:127) AS013M0033
LOG (gmm-align-compiled[5.5.1016~1-5a372]:main():gmm-align-compiled.cc:127) AS013M0034
LOG (gmm-align-compiled[5.5.1016~1-5a372]:main():gmm-align-compiled.cc:127) AS013M0035
LOG (gmm-align-compiled[5.5.1016~1-5a372]:main():gmm-align-compiled.cc:127) AS013M0036
LOG (gmm-align-compiled[5.5.1016~1-5a372]:main():gmm-align-compiled.cc:127) AS013M0037
WARNING (gmm-align-compiled[5.5.1016~1-5a372]:AlignUtteranceWrapper():decoder-wrappers.cc:617) Retrying utterance AS013M0037 with beam 40
LOG (gmm-align-compiled[5.5.1016~1-5a372]:main():gmm-align-compiled.cc:127) AS013M0038
WARNING (gmm-align-compiled[5.5.1016~1-5a372]:AlignUtteranceWrapper():decoder-wrappers.cc:617) Retrying utterance AS013M0038 with beam 40
LOG (gmm-align-compiled[5.5.1016~1-5a372]:main():gmm-align-compiled.cc:127) AS013M0039
WARNING (gmm-align-compiled[5.5.1016~1-5a372]:AlignUtteranceWrapper():decoder-wrappers.cc:617) Retrying utterance AS013M0039 with beam 40
LOG (gmm-align-compiled[5.5.1016~1-5a372]:main():gmm-align-compiled.cc:127) AS013M0040
WARNING (gmm-align-compiled[5.5.1016~1-5a372]:AlignUtteranceWrapper():decoder-wrappers.cc:617) Retrying utterance AS013M0040 with beam 40
LOG (gmm-align-compiled[5.5.1016~1-5a372]:main():gmm-align-compiled.cc:127) AS013M0041
WARNING (gmm-align-compiled[5.5.1016~1-5a372]:AlignUtteranceWrapper():decoder-wrappers.cc:617) Retrying utterance AS013M0041 with beam 40
LOG (gmm-align-compiled[5.5.1016~1-5a372]:main():gmm-align-compiled.cc:127) AS013M0042
WARNING (gmm-align-compiled[5.5.1016~1-5a372]:AlignUtteranceWrapper():decoder-wrappers.cc:617) Retrying utterance AS013M0042 with beam 40
LOG (gmm-align-compiled[5.5.1016~1-5a372]:main():gmm-align-compiled.cc:127) AS013M0043
LOG (gmm-align-compiled[5.5.1016~1-5a372]:main():gmm-align-compiled.cc:127) AS013M0044
WARNING (gmm-align-compiled[5.5.1016~1-5a372]:AlignUtteranceWrapper():decoder-wrappers.cc:617) Retrying utterance AS013M0044 with beam 40
LOG (gmm-align-compiled[5.5.1016~1-5a372]:main():gmm-align-compiled.cc:127) AS013M0045
WARNING (gmm-align-compiled[5.5.1016~1-5a372]:AlignUtteranceWrapper():decoder-wrappers.cc:617) Retrying utterance AS013M0045 with beam 40
LOG (gmm-align-compiled[5.5.1016~1-5a372]:main():gmm-align-compiled.cc:127) AS013M0046
WARNING (gmm-align-compiled[5.5.1016~1-5a372]:AlignUtteranceWrapper():decoder-wrappers.cc:617) Retrying utterance AS013M0046 with beam 40
LOG (gmm-align-compiled[5.5.1016~1-5a372]:main():gmm-align-compiled.cc:127) AS013M0047
WARNING (gmm-align-compiled[5.5.1016~1-5a372]:AlignUtteranceWrapper():decoder-wrappers.cc:617) Retrying utterance AS013M0047 with beam 40
LOG (gmm-align-compiled[5.5.1016~1-5a372]:main():gmm-align-compiled.cc:127) AS013M0048
WARNING (gmm-align-compiled[5.5.1016~1-5a372]:AlignUtteranceWrapper():decoder-wrappers.cc:617) Retrying utterance AS013M0048 with beam 40
LOG (gmm-align-compiled[5.5.1016~1-5a372]:main():gmm-align-compiled.cc:127) AS013M0049
LOG (gmm-align-compiled[5.5.1016~1-5a372]:main():gmm-align-compiled.cc:127) AS013M0050
LOG (gmm-align-compiled[5.5.1016~1-5a372]:main():gmm-align-compiled.cc:127) AS013M0051
WARNING (gmm-align-compiled[5.5.1016~1-5a372]:AlignUtteranceWrapper():decoder-wrappers.cc:617) Retrying utterance AS013M0051 with beam 40
LOG (gmm-align-compiled[5.5.1016~1-5a372]:main():gmm-align-compiled.cc:127) AS013M0052
WARNING (gmm-align-compiled[5.5.1016~1-5a372]:AlignUtteranceWrapper():decoder-wrappers.cc:617) Retrying utterance AS013M0052 with beam 40
LOG (gmm-align-compiled[5.5.1016~1-5a372]:main():gmm-align-compiled.cc:127) AS013M0053
LOG (gmm-align-compiled[5.5.1016~1-5a372]:main():gmm-align-compiled.cc:127) AS013M0054
WARNING (gmm-align-compiled[5.5.1016~1-5a372]:AlignUtteranceWrapper():decoder-wrappers.cc:617) Retrying utterance AS013M0054 with beam 40
LOG (gmm-align-compiled[5.5.1016~1-5a372]:main():gmm-align-compiled.cc:127) AS013M0055
LOG (gmm-align-compiled[5.5.1016~1-5a372]:main():gmm-align-compiled.cc:127) AS013M0056
WARNING (gmm-align-compiled[5.5.1016~1-5a372]:AlignUtteranceWrapper():decoder-wrappers.cc:617) Retrying utterance AS013M0056 with beam 40
LOG (gmm-align-compiled[5.5.1016~1-5a372]:main():gmm-align-compiled.cc:127) AS013M0057
WARNING (gmm-align-compiled[5.5.1016~1-5a372]:AlignUtteranceWrapper():decoder-wrappers.cc:617) Retrying utterance AS013M0057 with beam 40
LOG (gmm-align-compiled[5.5.1016~1-5a372]:main():gmm-align-compiled.cc:127) AS013M0058
WARNING (gmm-align-compiled[5.5.1016~1-5a372]:AlignUtteranceWrapper():decoder-wrappers.cc:617) Retrying utterance AS013M0058 with beam 40
LOG (gmm-align-compiled[5.5.1016~1-5a372]:main():gmm-align-compiled.cc:127) AS013M0059
WARNING (gmm-align-compiled[5.5.1016~1-5a372]:AlignUtteranceWrapper():decoder-wrappers.cc:617) Retrying utterance AS013M0059 with beam 40
LOG (gmm-align-compiled[5.5.1016~1-5a372]:main():gmm-align-compiled.cc:127) AS013M0060
LOG (gmm-align-compiled[5.5.1016~1-5a372]:main():gmm-align-compiled.cc:127) AS013M0061
LOG (gmm-align-compiled[5.5.1016~1-5a372]:main():gmm-align-compiled.cc:127) AS013M0062
WARNING (gmm-align-compiled[5.5.1016~1-5a372]:AlignUtteranceWrapper():decoder-wrappers.cc:617) Retrying utterance AS013M0062 with beam 40
LOG (gmm-align-compiled[5.5.1016~1-5a372]:main():gmm-align-compiled.cc:127) AS013M0063
LOG (gmm-align-compiled[5.5.1016~1-5a372]:main():gmm-align-compiled.cc:127) AS013M0064
WARNING (gmm-align-compiled[5.5.1016~1-5a372]:AlignUtteranceWrapper():decoder-wrappers.cc:617) Retrying utterance AS013M0064 with beam 40
LOG (gmm-align-compiled[5.5.1016~1-5a372]:main():gmm-align-compiled.cc:127) AS013M0065
WARNING (gmm-align-compiled[5.5.1016~1-5a372]:AlignUtteranceWrapper():decoder-wrappers.cc:617) Retrying utterance AS013M0065 with beam 40
LOG (gmm-align-compiled[5.5.1016~1-5a372]:main():gmm-align-compiled.cc:127) AS013M0066
WARNING (gmm-align-compiled[5.5.1016~1-5a372]:AlignUtteranceWrapper():decoder-wrappers.cc:617) Retrying utterance AS013M0066 with beam 40
LOG (gmm-align-compiled[5.5.1016~1-5a372]:main():gmm-align-compiled.cc:127) AS013M0067
LOG (gmm-align-compiled[5.5.1016~1-5a372]:main():gmm-align-compiled.cc:127) AS013M0068
WARNING (gmm-align-compiled[5.5.1016~1-5a372]:AlignUtteranceWrapper():decoder-wrappers.cc:617) Retrying utterance AS013M0068 with beam 40
LOG (gmm-align-compiled[5.5.1016~1-5a372]:main():gmm-align-compiled.cc:127) AS013M0069
WARNING (gmm-align-compiled[5.5.1016~1-5a372]:AlignUtteranceWrapper():decoder-wrappers.cc:617) Retrying utterance AS013M0069 with beam 40
LOG (gmm-align-compiled[5.5.1016~1-5a372]:main():gmm-align-compiled.cc:127) AS013M0070
WARNING (gmm-align-compiled[5.5.1016~1-5a372]:AlignUtteranceWrapper():decoder-wrappers.cc:617) Retrying utterance AS013M0070 with beam 40
LOG (gmm-align-compiled[5.5.1016~1-5a372]:main():gmm-align-compiled.cc:127) AS013M0071
WARNING (gmm-align-compiled[5.5.1016~1-5a372]:AlignUtteranceWrapper():decoder-wrappers.cc:617) Retrying utterance AS013M0071 with beam 40
LOG (gmm-align-compiled[5.5.1016~1-5a372]:main():gmm-align-compiled.cc:127) AS013M0072
WARNING (gmm-align-compiled[5.5.1016~1-5a372]:AlignUtteranceWrapper():decoder-wrappers.cc:617) Retrying utterance AS013M0072 with beam 40
LOG (gmm-align-compiled[5.5.1016~1-5a372]:main():gmm-align-compiled.cc:127) AS013M0073
WARNING (gmm-align-compiled[5.5.1016~1-5a372]:AlignUtteranceWrapper():decoder-wrappers.cc:617) Retrying utterance AS013M0073 with beam 40
LOG (gmm-align-compiled[5.5.1016~1-5a372]:main():gmm-align-compiled.cc:127) AS013M0074
LOG (gmm-align-compiled[5.5.1016~1-5a372]:main():gmm-align-compiled.cc:127) AS013M0075
WARNING (gmm-align-compiled[5.5.1016~1-5a372]:AlignUtteranceWrapper():decoder-wrappers.cc:617) Retrying utterance AS013M0075 with beam 40
LOG (gmm-align-compiled[5.5.1016~1-5a372]:main():gmm-align-compiled.cc:127) AS013M0076
WARNING (gmm-align-compiled[5.5.1016~1-5a372]:AlignUtteranceWrapper():decoder-wrappers.cc:617) Retrying utterance AS013M0076 with beam 40
LOG (gmm-align-compiled[5.5.1016~1-5a372]:main():gmm-align-compiled.cc:127) AS013M0077
WARNING (gmm-align-compiled[5.5.1016~1-5a372]:AlignUtteranceWrapper():decoder-wrappers.cc:617) Retrying utterance AS013M0077 with beam 40
LOG (gmm-align-compiled[5.5.1016~1-5a372]:main():gmm-align-compiled.cc:127) AS013M0078
WARNING (gmm-align-compiled[5.5.1016~1-5a372]:AlignUtteranceWrapper():decoder-wrappers.cc:617) Retrying utterance AS013M0078 with beam 40
LOG (gmm-align-compiled[5.5.1016~1-5a372]:main():gmm-align-compiled.cc:127) AS013M0079
WARNING (gmm-align-compiled[5.5.1016~1-5a372]:AlignUtteranceWrapper():decoder-wrappers.cc:617) Retrying utterance AS013M0079 with beam 40
LOG (gmm-align-compiled[5.5.1016~1-5a372]:main():gmm-align-compiled.cc:127) AS013M0080
WARNING (gmm-align-compiled[5.5.1016~1-5a372]:AlignUtteranceWrapper():decoder-wrappers.cc:617) Retrying utterance AS013M0080 with beam 40
LOG (gmm-align-compiled[5.5.1016~1-5a372]:main():gmm-align-compiled.cc:127) AS014M0001
LOG (gmm-align-compiled[5.5.1016~1-5a372]:main():gmm-align-compiled.cc:127) AS014M0002
WARNING (gmm-align-compiled[5.5.1016~1-5a372]:AlignUtteranceWrapper():decoder-wrappers.cc:617) Retrying utterance AS014M0002 with beam 40
LOG (gmm-align-compiled[5.5.1016~1-5a372]:main():gmm-align-compiled.cc:127) AS014M0003
LOG (gmm-align-compiled[5.5.1016~1-5a372]:main():gmm-align-compiled.cc:127) AS014M0004
WARNING (gmm-align-compiled[5.5.1016~1-5a372]:AlignUtteranceWrapper():decoder-wrappers.cc:617) Retrying utterance AS014M0004 with beam 40
LOG (gmm-align-compiled[5.5.1016~1-5a372]:main():gmm-align-compiled.cc:127) AS014M0005
WARNING (gmm-align-compiled[5.5.1016~1-5a372]:AlignUtteranceWrapper():decoder-wrappers.cc:617) Retrying utterance AS014M0005 with beam 40
LOG (gmm-align-compiled[5.5.1016~1-5a372]:main():gmm-align-compiled.cc:127) AS014M0006
WARNING (gmm-align-compiled[5.5.1016~1-5a372]:AlignUtteranceWrapper():decoder-wrappers.cc:617) Retrying utterance AS014M0006 with beam 40
LOG (gmm-align-compiled[5.5.1016~1-5a372]:main():gmm-align-compiled.cc:127) AS014M0007
LOG (gmm-align-compiled[5.5.1016~1-5a372]:main():gmm-align-compiled.cc:127) AS014M0008
WARNING (gmm-align-compiled[5.5.1016~1-5a372]:AlignUtteranceWrapper():decoder-wrappers.cc:617) Retrying utterance AS014M0008 with beam 40
LOG (gmm-align-compiled[5.5.1016~1-5a372]:main():gmm-align-compiled.cc:127) AS014M0009
LOG (gmm-align-compiled[5.5.1016~1-5a372]:main():gmm-align-compiled.cc:127) AS014M0010
LOG (gmm-align-compiled[5.5.1016~1-5a372]:main():gmm-align-compiled.cc:127) AS014M0011
WARNING (gmm-align-compiled[5.5.1016~1-5a372]:AlignUtteranceWrapper():decoder-wrappers.cc:617) Retrying utterance AS014M0011 with beam 40
LOG (gmm-align-compiled[5.5.1016~1-5a372]:main():gmm-align-compiled.cc:127) AS014M0012
WARNING (gmm-align-compiled[5.5.1016~1-5a372]:AlignUtteranceWrapper():decoder-wrappers.cc:617) Retrying utterance AS014M0012 with beam 40
LOG (gmm-align-compiled[5.5.1016~1-5a372]:main():gmm-align-compiled.cc:127) AS014M0013
LOG (gmm-align-compiled[5.5.1016~1-5a372]:main():gmm-align-compiled.cc:127) AS014M0014
LOG (gmm-align-compiled[5.5.1016~1-5a372]:main():gmm-align-compiled.cc:127) AS014M0015
WARNING (gmm-align-compiled[5.5.1016~1-5a372]:AlignUtteranceWrapper():decoder-wrappers.cc:617) Retrying utterance AS014M0015 with beam 40
LOG (gmm-align-compiled[5.5.1016~1-5a372]:main():gmm-align-compiled.cc:127) AS014M0016
LOG (gmm-align-compiled[5.5.1016~1-5a372]:main():gmm-align-compiled.cc:127) AS014M0017
WARNING (gmm-align-compiled[5.5.1016~1-5a372]:AlignUtteranceWrapper():decoder-wrappers.cc:617) Retrying utterance AS014M0017 with beam 40
LOG (gmm-align-compiled[5.5.1016~1-5a372]:main():gmm-align-compiled.cc:127) AS014M0018
WARNING (gmm-align-compiled[5.5.1016~1-5a372]:AlignUtteranceWrapper():decoder-wrappers.cc:617) Retrying utterance AS014M0018 with beam 40
LOG (gmm-align-compiled[5.5.1016~1-5a372]:main():gmm-align-compiled.cc:127) AS014M0019
LOG (gmm-align-compiled[5.5.1016~1-5a372]:main():gmm-align-compiled.cc:127) AS014M0020
WARNING (gmm-align-compiled[5.5.1016~1-5a372]:AlignUtteranceWrapper():decoder-wrappers.cc:617) Retrying utterance AS014M0020 with beam 40
LOG (gmm-align-compiled[5.5.1016~1-5a372]:main():gmm-align-compiled.cc:127) AS014M0021
LOG (gmm-align-compiled[5.5.1016~1-5a372]:main():gmm-align-compiled.cc:127) AS014M0022
WARNING (gmm-align-compiled[5.5.1016~1-5a372]:AlignUtteranceWrapper():decoder-wrappers.cc:617) Retrying utterance AS014M0022 with beam 40
LOG (gmm-align-compiled[5.5.1016~1-5a372]:main():gmm-align-compiled.cc:127) AS014M0023
WARNING (gmm-align-compiled[5.5.1016~1-5a372]:AlignUtteranceWrapper():decoder-wrappers.cc:617) Retrying utterance AS014M0023 with beam 40
LOG (gmm-align-compiled[5.5.1016~1-5a372]:main():gmm-align-compiled.cc:127) AS014M0024
WARNING (gmm-align-compiled[5.5.1016~1-5a372]:AlignUtteranceWrapper():decoder-wrappers.cc:617) Retrying utterance AS014M0024 with beam 40
LOG (gmm-align-compiled[5.5.1016~1-5a372]:main():gmm-align-compiled.cc:127) AS014M0025
LOG (gmm-align-compiled[5.5.1016~1-5a372]:main():gmm-align-compiled.cc:127) AS014M0026
WARNING (gmm-align-compiled[5.5.1016~1-5a372]:AlignUtteranceWrapper():decoder-wrappers.cc:617) Retrying utterance AS014M0026 with beam 40
LOG (gmm-align-compiled[5.5.1016~1-5a372]:main():gmm-align-compiled.cc:127) AS014M0027
LOG (gmm-align-compiled[5.5.1016~1-5a372]:main():gmm-align-compiled.cc:127) AS014M0028
WARNING (gmm-align-compiled[5.5.1016~1-5a372]:AlignUtteranceWrapper():decoder-wrappers.cc:617) Retrying utterance AS014M0028 with beam 40
LOG (gmm-align-compiled[5.5.1016~1-5a372]:main():gmm-align-compiled.cc:127) AS014M0029
LOG (gmm-align-compiled[5.5.1016~1-5a372]:main():gmm-align-compiled.cc:127) AS014M0030
LOG (gmm-align-compiled[5.5.1016~1-5a372]:main():gmm-align-compiled.cc:127) AS014M0031
WARNING (gmm-align-compiled[5.5.1016~1-5a372]:AlignUtteranceWrapper():decoder-wrappers.cc:617) Retrying utterance AS014M0031 with beam 40
LOG (gmm-align-compiled[5.5.1016~1-5a372]:main():gmm-align-compiled.cc:127) AS014M0032
WARNING (gmm-align-compiled[5.5.1016~1-5a372]:AlignUtteranceWrapper():decoder-wrappers.cc:617) Retrying utterance AS014M0032 with beam 40
LOG (gmm-align-compiled[5.5.1016~1-5a372]:main():gmm-align-compiled.cc:127) AS014M0033
LOG (gmm-align-compiled[5.5.1016~1-5a372]:main():gmm-align-compiled.cc:127) AS014M0034
WARNING (gmm-align-compiled[5.5.1016~1-5a372]:AlignUtteranceWrapper():decoder-wrappers.cc:617) Retrying utterance AS014M0034 with beam 40
LOG (gmm-align-compiled[5.5.1016~1-5a372]:main():gmm-align-compiled.cc:127) AS014M0035
LOG (gmm-align-compiled[5.5.1016~1-5a372]:main():gmm-align-compiled.cc:127) AS014M0036
WARNING (gmm-align-compiled[5.5.1016~1-5a372]:AlignUtteranceWrapper():decoder-wrappers.cc:617) Retrying utterance AS014M0036 with beam 40
LOG (gmm-align-compiled[5.5.1016~1-5a372]:main():gmm-align-compiled.cc:127) AS014M0037
WARNING (gmm-align-compiled[5.5.1016~1-5a372]:AlignUtteranceWrapper():decoder-wrappers.cc:617) Retrying utterance AS014M0037 with beam 40
LOG (gmm-align-compiled[5.5.1016~1-5a372]:main():gmm-align-compiled.cc:127) AS014M0038
LOG (gmm-align-compiled[5.5.1016~1-5a372]:main():gmm-align-compiled.cc:127) AS014M0039
WARNING (gmm-align-compiled[5.5.1016~1-5a372]:AlignUtteranceWrapper():decoder-wrappers.cc:617) Retrying utterance AS014M0039 with beam 40
LOG (gmm-align-compiled[5.5.1016~1-5a372]:main():gmm-align-compiled.cc:127) AS014M0040
WARNING (gmm-align-compiled[5.5.1016~1-5a372]:AlignUtteranceWrapper():decoder-wrappers.cc:617) Retrying utterance AS014M0040 with beam 40
LOG (gmm-align-compiled[5.5.1016~1-5a372]:main():gmm-align-compiled.cc:127) AS014M0041
WARNING (gmm-align-compiled[5.5.1016~1-5a372]:AlignUtteranceWrapper():decoder-wrappers.cc:617) Retrying utterance AS014M0041 with beam 40
LOG (gmm-align-compiled[5.5.1016~1-5a372]:main():gmm-align-compiled.cc:127) AS014M0042
WARNING (gmm-align-compiled[5.5.1016~1-5a372]:AlignUtteranceWrapper():decoder-wrappers.cc:617) Retrying utterance AS014M0042 with beam 40
LOG (gmm-align-compiled[5.5.1016~1-5a372]:main():gmm-align-compiled.cc:127) AS014M0043
LOG (gmm-align-compiled[5.5.1016~1-5a372]:main():gmm-align-compiled.cc:127) AS014M0044
WARNING (gmm-align-compiled[5.5.1016~1-5a372]:AlignUtteranceWrapper():decoder-wrappers.cc:617) Retrying utterance AS014M0044 with beam 40
LOG (gmm-align-compiled[5.5.1016~1-5a372]:main():gmm-align-compiled.cc:127) AS014M0045
LOG (gmm-align-compiled[5.5.1016~1-5a372]:main():gmm-align-compiled.cc:127) AS014M0046
WARNING (gmm-align-compiled[5.5.1016~1-5a372]:AlignUtteranceWrapper():decoder-wrappers.cc:617) Retrying utterance AS014M0046 with beam 40
LOG (gmm-align-compiled[5.5.1016~1-5a372]:main():gmm-align-compiled.cc:127) AS014M0047
WARNING (gmm-align-compiled[5.5.1016~1-5a372]:AlignUtteranceWrapper():decoder-wrappers.cc:617) Retrying utterance AS014M0047 with beam 40
LOG (gmm-align-compiled[5.5.1016~1-5a372]:main():gmm-align-compiled.cc:127) AS014M0048
WARNING (gmm-align-compiled[5.5.1016~1-5a372]:AlignUtteranceWrapper():decoder-wrappers.cc:617) Retrying utterance AS014M0048 with beam 40
LOG (gmm-align-compiled[5.5.1016~1-5a372]:main():gmm-align-compiled.cc:127) AS014M0049
LOG (gmm-align-compiled[5.5.1016~1-5a372]:main():gmm-align-compiled.cc:127) AS014M0050
LOG (gmm-align-compiled[5.5.1016~1-5a372]:main():gmm-align-compiled.cc:127) AS014M0051
WARNING (gmm-align-compiled[5.5.1016~1-5a372]:AlignUtteranceWrapper():decoder-wrappers.cc:617) Retrying utterance AS014M0051 with beam 40
LOG (gmm-align-compiled[5.5.1016~1-5a372]:main():gmm-align-compiled.cc:127) AS014M0052
LOG (gmm-align-compiled[5.5.1016~1-5a372]:main():gmm-align-compiled.cc:127) AS014M0053
LOG (gmm-align-compiled[5.5.1016~1-5a372]:main():gmm-align-compiled.cc:127) AS014M0054
WARNING (gmm-align-compiled[5.5.1016~1-5a372]:AlignUtteranceWrapper():decoder-wrappers.cc:617) Retrying utterance AS014M0054 with beam 40
LOG (gmm-align-compiled[5.5.1016~1-5a372]:main():gmm-align-compiled.cc:127) AS014M0055
LOG (gmm-align-compiled[5.5.1016~1-5a372]:main():gmm-align-compiled.cc:127) AS014M0056
WARNING (gmm-align-compiled[5.5.1016~1-5a372]:AlignUtteranceWrapper():decoder-wrappers.cc:617) Retrying utterance AS014M0056 with beam 40
LOG (gmm-align-compiled[5.5.1016~1-5a372]:main():gmm-align-compiled.cc:127) AS014M0057
WARNING (gmm-align-compiled[5.5.1016~1-5a372]:AlignUtteranceWrapper():decoder-wrappers.cc:617) Retrying utterance AS014M0057 with beam 40
LOG (gmm-align-compiled[5.5.1016~1-5a372]:main():gmm-align-compiled.cc:127) AS014M0058
WARNING (gmm-align-compiled[5.5.1016~1-5a372]:AlignUtteranceWrapper():decoder-wrappers.cc:617) Retrying utterance AS014M0058 with beam 40
LOG (gmm-align-compiled[5.5.1016~1-5a372]:main():gmm-align-compiled.cc:127) AS014M0059
WARNING (gmm-align-compiled[5.5.1016~1-5a372]:AlignUtteranceWrapper():decoder-wrappers.cc:617) Retrying utterance AS014M0059 with beam 40
LOG (gmm-align-compiled[5.5.1016~1-5a372]:main():gmm-align-compiled.cc:127) AS014M0060
WARNING (gmm-align-compiled[5.5.1016~1-5a372]:AlignUtteranceWrapper():decoder-wrappers.cc:617) Retrying utterance AS014M0060 with beam 40
LOG (gmm-align-compiled[5.5.1016~1-5a372]:main():gmm-align-compiled.cc:127) AS014M0061
LOG (gmm-align-compiled[5.5.1016~1-5a372]:main():gmm-align-compiled.cc:127) AS014M0062
WARNING (gmm-align-compiled[5.5.1016~1-5a372]:AlignUtteranceWrapper():decoder-wrappers.cc:617) Retrying utterance AS014M0062 with beam 40
LOG (gmm-align-compiled[5.5.1016~1-5a372]:main():gmm-align-compiled.cc:127) AS014M0063
LOG (gmm-align-compiled[5.5.1016~1-5a372]:main():gmm-align-compiled.cc:127) AS014M0064
WARNING (gmm-align-compiled[5.5.1016~1-5a372]:AlignUtteranceWrapper():decoder-wrappers.cc:617) Retrying utterance AS014M0064 with beam 40
LOG (gmm-align-compiled[5.5.1016~1-5a372]:main():gmm-align-compiled.cc:127) AS014M0065
WARNING (gmm-align-compiled[5.5.1016~1-5a372]:AlignUtteranceWrapper():decoder-wrappers.cc:617) Retrying utterance AS014M0065 with beam 40
LOG (gmm-align-compiled[5.5.1016~1-5a372]:main():gmm-align-compiled.cc:127) AS014M0066
WARNING (gmm-align-compiled[5.5.1016~1-5a372]:AlignUtteranceWrapper():decoder-wrappers.cc:617) Retrying utterance AS014M0066 with beam 40
LOG (gmm-align-compiled[5.5.1016~1-5a372]:main():gmm-align-compiled.cc:127) AS014M0067
WARNING (gmm-align-compiled[5.5.1016~1-5a372]:AlignUtteranceWrapper():decoder-wrappers.cc:617) Retrying utterance AS014M0067 with beam 40
LOG (gmm-align-compiled[5.5.1016~1-5a372]:main():gmm-align-compiled.cc:127) AS014M0068
WARNING (gmm-align-compiled[5.5.1016~1-5a372]:AlignUtteranceWrapper():decoder-wrappers.cc:617) Retrying utterance AS014M0068 with beam 40
LOG (gmm-align-compiled[5.5.1016~1-5a372]:main():gmm-align-compiled.cc:127) AS014M0069
LOG (gmm-align-compiled[5.5.1016~1-5a372]:main():gmm-align-compiled.cc:127) AS014M0070
LOG (gmm-align-compiled[5.5.1016~1-5a372]:main():gmm-align-compiled.cc:127) AS014M0071
LOG (gmm-align-compiled[5.5.1016~1-5a372]:main():gmm-align-compiled.cc:127) AS014M0072
LOG (gmm-align-compiled[5.5.1016~1-5a372]:main():gmm-align-compiled.cc:127) AS014M0073
WARNING (gmm-align-compiled[5.5.1016~1-5a372]:AlignUtteranceWrapper():decoder-wrappers.cc:617) Retrying utterance AS014M0073 with beam 40
LOG (gmm-align-compiled[5.5.1016~1-5a372]:main():gmm-align-compiled.cc:127) AS014M0074
WARNING (gmm-align-compiled[5.5.1016~1-5a372]:AlignUtteranceWrapper():decoder-wrappers.cc:617) Retrying utterance AS014M0074 with beam 40
LOG (gmm-align-compiled[5.5.1016~1-5a372]:main():gmm-align-compiled.cc:127) AS014M0075
WARNING (gmm-align-compiled[5.5.1016~1-5a372]:AlignUtteranceWrapper():decoder-wrappers.cc:617) Retrying utterance AS014M0075 with beam 40
LOG (gmm-align-compiled[5.5.1016~1-5a372]:main():gmm-align-compiled.cc:127) AS014M0076
WARNING (gmm-align-compiled[5.5.1016~1-5a372]:AlignUtteranceWrapper():decoder-wrappers.cc:617) Retrying utterance AS014M0076 with beam 40
LOG (apply-cmvn[5.5.1016~1-5a372]:main():apply-cmvn.cc:162) Applied cepstral mean normalization to 160 utterances, errors on 0
LOG (gmm-align-compiled[5.5.1016~1-5a372]:main():gmm-align-compiled.cc:127) AS014M0077
LOG (gmm-align-compiled[5.5.1016~1-5a372]:main():gmm-align-compiled.cc:127) AS014M0078
WARNING (gmm-align-compiled[5.5.1016~1-5a372]:AlignUtteranceWrapper():decoder-wrappers.cc:617) Retrying utterance AS014M0078 with beam 40
LOG (gmm-align-compiled[5.5.1016~1-5a372]:main():gmm-align-compiled.cc:127) AS014M0079
WARNING (gmm-align-compiled[5.5.1016~1-5a372]:AlignUtteranceWrapper():decoder-wrappers.cc:617) Retrying utterance AS014M0079 with beam 40
LOG (gmm-align-compiled[5.5.1016~1-5a372]:main():gmm-align-compiled.cc:127) AS014M0080
WARNING (gmm-align-compiled[5.5.1016~1-5a372]:AlignUtteranceWrapper():decoder-wrappers.cc:617) Retrying utterance AS014M0080 with beam 40
LOG (gmm-align-compiled[5.5.1016~1-5a372]:main():gmm-align-compiled.cc:135) Overall log-likelihood per frame is -93.1558 over 80680 frames.
LOG (gmm-align-compiled[5.5.1016~1-5a372]:main():gmm-align-compiled.cc:137) Retried 102 out of 160 utterances.
LOG (gmm-align-compiled[5.5.1016~1-5a372]:main():gmm-align-compiled.cc:139) Done 160, errors on 0
# Accounting: time=4 threads=1
# Ended (code 0) at Tue Apr 19 17:24:53 IST 2022, elapsed time 4 seconds
