# gmm-align-compiled --transition-scale=1.0 --acoustic-scale=0.1 --self-loop-scale=0.1 --beam=6 --retry-beam=40 --careful=false "gmm-boost-silence --boost=1.0 1 exp/mono/1.mdl - |" "ark:gunzip -c exp/mono/fsts.4.gz|" "ark,s,cs:apply-cmvn  --utt2spk=ark:data/train/split4/4/utt2spk scp:data/train/split4/4/cmvn.scp scp:data/train/split4/4/feats.scp ark:- | add-deltas  ark:- ark:- |" "ark,t:|gzip -c >exp/mono/ali.4.gz" 
# Started at Tue Apr 19 17:24:49 IST 2022
#
gmm-align-compiled --transition-scale=1.0 --acoustic-scale=0.1 --self-loop-scale=0.1 --beam=6 --retry-beam=40 --careful=false 'gmm-boost-silence --boost=1.0 1 exp/mono/1.mdl - |' 'ark:gunzip -c exp/mono/fsts.4.gz|' 'ark,s,cs:apply-cmvn  --utt2spk=ark:data/train/split4/4/utt2spk scp:data/train/split4/4/cmvn.scp scp:data/train/split4/4/feats.scp ark:- | add-deltas  ark:- ark:- |' 'ark,t:|gzip -c >exp/mono/ali.4.gz' 
gmm-boost-silence --boost=1.0 1 exp/mono/1.mdl - 
WARNING (gmm-boost-silence[5.5.1016~1-5a372]:main():gmm-boost-silence.cc:82) The pdfs for the silence phones may be shared by other phones (note: this probably does not matter.)
LOG (gmm-boost-silence[5.5.1016~1-5a372]:main():gmm-boost-silence.cc:93) Boosted weights for 3 pdfs, by factor of 1
LOG (gmm-boost-silence[5.5.1016~1-5a372]:main():gmm-boost-silence.cc:103) Wrote model to -
apply-cmvn --utt2spk=ark:data/train/split4/4/utt2spk scp:data/train/split4/4/cmvn.scp scp:data/train/split4/4/feats.scp ark:- 
add-deltas ark:- ark:- 
LOG (gmm-align-compiled[5.5.1016~1-5a372]:main():gmm-align-compiled.cc:127) AS017M0001
LOG (gmm-align-compiled[5.5.1016~1-5a372]:main():gmm-align-compiled.cc:127) AS017M0002
WARNING (gmm-align-compiled[5.5.1016~1-5a372]:AlignUtteranceWrapper():decoder-wrappers.cc:617) Retrying utterance AS017M0002 with beam 40
LOG (gmm-align-compiled[5.5.1016~1-5a372]:main():gmm-align-compiled.cc:127) AS017M0003
LOG (gmm-align-compiled[5.5.1016~1-5a372]:main():gmm-align-compiled.cc:127) AS017M0004
WARNING (gmm-align-compiled[5.5.1016~1-5a372]:AlignUtteranceWrapper():decoder-wrappers.cc:617) Retrying utterance AS017M0004 with beam 40
LOG (gmm-align-compiled[5.5.1016~1-5a372]:main():gmm-align-compiled.cc:127) AS017M0005
LOG (gmm-align-compiled[5.5.1016~1-5a372]:main():gmm-align-compiled.cc:127) AS017M0006
LOG (gmm-align-compiled[5.5.1016~1-5a372]:main():gmm-align-compiled.cc:127) AS017M0007
LOG (gmm-align-compiled[5.5.1016~1-5a372]:main():gmm-align-compiled.cc:127) AS017M0008
LOG (gmm-align-compiled[5.5.1016~1-5a372]:main():gmm-align-compiled.cc:127) AS017M0009
LOG (gmm-align-compiled[5.5.1016~1-5a372]:main():gmm-align-compiled.cc:127) AS017M0010
LOG (gmm-align-compiled[5.5.1016~1-5a372]:main():gmm-align-compiled.cc:127) AS017M0011
LOG (gmm-align-compiled[5.5.1016~1-5a372]:main():gmm-align-compiled.cc:127) AS017M0012
LOG (gmm-align-compiled[5.5.1016~1-5a372]:main():gmm-align-compiled.cc:127) AS017M0013
LOG (gmm-align-compiled[5.5.1016~1-5a372]:main():gmm-align-compiled.cc:127) AS017M0014
WARNING (gmm-align-compiled[5.5.1016~1-5a372]:AlignUtteranceWrapper():decoder-wrappers.cc:617) Retrying utterance AS017M0014 with beam 40
LOG (gmm-align-compiled[5.5.1016~1-5a372]:main():gmm-align-compiled.cc:127) AS017M0015
LOG (gmm-align-compiled[5.5.1016~1-5a372]:main():gmm-align-compiled.cc:127) AS017M0016
LOG (gmm-align-compiled[5.5.1016~1-5a372]:main():gmm-align-compiled.cc:127) AS017M0017
WARNING (gmm-align-compiled[5.5.1016~1-5a372]:AlignUtteranceWrapper():decoder-wrappers.cc:617) Retrying utterance AS017M0017 with beam 40
LOG (gmm-align-compiled[5.5.1016~1-5a372]:main():gmm-align-compiled.cc:127) AS017M0018
LOG (gmm-align-compiled[5.5.1016~1-5a372]:main():gmm-align-compiled.cc:127) AS017M0019
LOG (gmm-align-compiled[5.5.1016~1-5a372]:main():gmm-align-compiled.cc:127) AS017M0020
LOG (gmm-align-compiled[5.5.1016~1-5a372]:main():gmm-align-compiled.cc:127) AS017M0021
LOG (gmm-align-compiled[5.5.1016~1-5a372]:main():gmm-align-compiled.cc:127) AS017M0022
LOG (gmm-align-compiled[5.5.1016~1-5a372]:main():gmm-align-compiled.cc:127) AS017M0023
LOG (gmm-align-compiled[5.5.1016~1-5a372]:main():gmm-align-compiled.cc:127) AS017M0024
LOG (gmm-align-compiled[5.5.1016~1-5a372]:main():gmm-align-compiled.cc:127) AS017M0025
LOG (gmm-align-compiled[5.5.1016~1-5a372]:main():gmm-align-compiled.cc:127) AS017M0026
LOG (gmm-align-compiled[5.5.1016~1-5a372]:main():gmm-align-compiled.cc:127) AS017M0027
LOG (gmm-align-compiled[5.5.1016~1-5a372]:main():gmm-align-compiled.cc:127) AS017M0028
LOG (gmm-align-compiled[5.5.1016~1-5a372]:main():gmm-align-compiled.cc:127) AS017M0029
LOG (gmm-align-compiled[5.5.1016~1-5a372]:main():gmm-align-compiled.cc:127) AS017M0030
LOG (gmm-align-compiled[5.5.1016~1-5a372]:main():gmm-align-compiled.cc:127) AS017M0031
LOG (gmm-align-compiled[5.5.1016~1-5a372]:main():gmm-align-compiled.cc:127) AS017M0032
LOG (gmm-align-compiled[5.5.1016~1-5a372]:main():gmm-align-compiled.cc:127) AS017M0033
LOG (gmm-align-compiled[5.5.1016~1-5a372]:main():gmm-align-compiled.cc:127) AS017M0034
LOG (gmm-align-compiled[5.5.1016~1-5a372]:main():gmm-align-compiled.cc:127) AS017M0035
LOG (gmm-align-compiled[5.5.1016~1-5a372]:main():gmm-align-compiled.cc:127) AS017M0036
LOG (gmm-align-compiled[5.5.1016~1-5a372]:main():gmm-align-compiled.cc:127) AS017M0037
LOG (gmm-align-compiled[5.5.1016~1-5a372]:main():gmm-align-compiled.cc:127) AS017M0038
LOG (gmm-align-compiled[5.5.1016~1-5a372]:main():gmm-align-compiled.cc:127) AS017M0039
LOG (gmm-align-compiled[5.5.1016~1-5a372]:main():gmm-align-compiled.cc:127) AS017M0040
LOG (gmm-align-compiled[5.5.1016~1-5a372]:main():gmm-align-compiled.cc:127) AS017M0041
LOG (gmm-align-compiled[5.5.1016~1-5a372]:main():gmm-align-compiled.cc:127) AS017M0042
LOG (gmm-align-compiled[5.5.1016~1-5a372]:main():gmm-align-compiled.cc:127) AS017M0043
LOG (gmm-align-compiled[5.5.1016~1-5a372]:main():gmm-align-compiled.cc:127) AS017M0044
LOG (gmm-align-compiled[5.5.1016~1-5a372]:main():gmm-align-compiled.cc:127) AS017M0045
LOG (gmm-align-compiled[5.5.1016~1-5a372]:main():gmm-align-compiled.cc:127) AS017M0046
LOG (gmm-align-compiled[5.5.1016~1-5a372]:main():gmm-align-compiled.cc:127) AS017M0047
LOG (gmm-align-compiled[5.5.1016~1-5a372]:main():gmm-align-compiled.cc:127) AS017M0048
LOG (gmm-align-compiled[5.5.1016~1-5a372]:main():gmm-align-compiled.cc:127) AS017M0049
LOG (gmm-align-compiled[5.5.1016~1-5a372]:main():gmm-align-compiled.cc:127) AS017M0050
LOG (gmm-align-compiled[5.5.1016~1-5a372]:main():gmm-align-compiled.cc:127) AS017M0051
LOG (gmm-align-compiled[5.5.1016~1-5a372]:main():gmm-align-compiled.cc:127) AS017M0052
LOG (gmm-align-compiled[5.5.1016~1-5a372]:main():gmm-align-compiled.cc:127) AS017M0053
LOG (gmm-align-compiled[5.5.1016~1-5a372]:main():gmm-align-compiled.cc:127) AS017M0054
LOG (gmm-align-compiled[5.5.1016~1-5a372]:main():gmm-align-compiled.cc:127) AS017M0055
LOG (gmm-align-compiled[5.5.1016~1-5a372]:main():gmm-align-compiled.cc:127) AS017M0056
LOG (gmm-align-compiled[5.5.1016~1-5a372]:main():gmm-align-compiled.cc:127) AS017M0057
LOG (gmm-align-compiled[5.5.1016~1-5a372]:main():gmm-align-compiled.cc:127) AS017M0058
LOG (gmm-align-compiled[5.5.1016~1-5a372]:main():gmm-align-compiled.cc:127) AS017M0059
LOG (gmm-align-compiled[5.5.1016~1-5a372]:main():gmm-align-compiled.cc:127) AS017M0060
LOG (gmm-align-compiled[5.5.1016~1-5a372]:main():gmm-align-compiled.cc:127) AS017M0061
LOG (gmm-align-compiled[5.5.1016~1-5a372]:main():gmm-align-compiled.cc:127) AS017M0062
LOG (gmm-align-compiled[5.5.1016~1-5a372]:main():gmm-align-compiled.cc:127) AS017M0063
LOG (gmm-align-compiled[5.5.1016~1-5a372]:main():gmm-align-compiled.cc:127) AS017M0064
LOG (gmm-align-compiled[5.5.1016~1-5a372]:main():gmm-align-compiled.cc:127) AS017M0065
LOG (gmm-align-compiled[5.5.1016~1-5a372]:main():gmm-align-compiled.cc:127) AS017M0066
LOG (gmm-align-compiled[5.5.1016~1-5a372]:main():gmm-align-compiled.cc:127) AS017M0067
LOG (gmm-align-compiled[5.5.1016~1-5a372]:main():gmm-align-compiled.cc:127) AS017M0068
LOG (gmm-align-compiled[5.5.1016~1-5a372]:main():gmm-align-compiled.cc:127) AS017M0069
LOG (gmm-align-compiled[5.5.1016~1-5a372]:main():gmm-align-compiled.cc:127) AS017M0070
LOG (gmm-align-compiled[5.5.1016~1-5a372]:main():gmm-align-compiled.cc:127) AS017M0071
LOG (gmm-align-compiled[5.5.1016~1-5a372]:main():gmm-align-compiled.cc:127) AS017M0072
LOG (gmm-align-compiled[5.5.1016~1-5a372]:main():gmm-align-compiled.cc:127) AS017M0073
LOG (gmm-align-compiled[5.5.1016~1-5a372]:main():gmm-align-compiled.cc:127) AS017M0074
LOG (gmm-align-compiled[5.5.1016~1-5a372]:main():gmm-align-compiled.cc:127) AS017M0075
LOG (gmm-align-compiled[5.5.1016~1-5a372]:main():gmm-align-compiled.cc:127) AS017M0076
LOG (gmm-align-compiled[5.5.1016~1-5a372]:main():gmm-align-compiled.cc:127) AS017M0077
LOG (gmm-align-compiled[5.5.1016~1-5a372]:main():gmm-align-compiled.cc:127) AS017M0078
LOG (gmm-align-compiled[5.5.1016~1-5a372]:main():gmm-align-compiled.cc:127) AS017M0079
LOG (gmm-align-compiled[5.5.1016~1-5a372]:main():gmm-align-compiled.cc:127) AS017M0080
LOG (gmm-align-compiled[5.5.1016~1-5a372]:main():gmm-align-compiled.cc:127) AS018F0001
WARNING (gmm-align-compiled[5.5.1016~1-5a372]:AlignUtteranceWrapper():decoder-wrappers.cc:617) Retrying utterance AS018F0001 with beam 40
LOG (gmm-align-compiled[5.5.1016~1-5a372]:main():gmm-align-compiled.cc:127) AS018F0002
WARNING (gmm-align-compiled[5.5.1016~1-5a372]:AlignUtteranceWrapper():decoder-wrappers.cc:617) Retrying utterance AS018F0002 with beam 40
LOG (gmm-align-compiled[5.5.1016~1-5a372]:main():gmm-align-compiled.cc:127) AS018F0003
LOG (gmm-align-compiled[5.5.1016~1-5a372]:main():gmm-align-compiled.cc:127) AS018F0004
LOG (gmm-align-compiled[5.5.1016~1-5a372]:main():gmm-align-compiled.cc:127) AS018F0005
LOG (gmm-align-compiled[5.5.1016~1-5a372]:main():gmm-align-compiled.cc:127) AS018F0006
LOG (gmm-align-compiled[5.5.1016~1-5a372]:main():gmm-align-compiled.cc:127) AS018F0007
LOG (gmm-align-compiled[5.5.1016~1-5a372]:main():gmm-align-compiled.cc:127) AS018F0008
WARNING (gmm-align-compiled[5.5.1016~1-5a372]:AlignUtteranceWrapper():decoder-wrappers.cc:617) Retrying utterance AS018F0008 with beam 40
LOG (gmm-align-compiled[5.5.1016~1-5a372]:main():gmm-align-compiled.cc:127) AS018F0009
LOG (gmm-align-compiled[5.5.1016~1-5a372]:main():gmm-align-compiled.cc:127) AS018F0010
WARNING (gmm-align-compiled[5.5.1016~1-5a372]:AlignUtteranceWrapper():decoder-wrappers.cc:617) Retrying utterance AS018F0010 with beam 40
LOG (gmm-align-compiled[5.5.1016~1-5a372]:main():gmm-align-compiled.cc:127) AS018F0011
WARNING (gmm-align-compiled[5.5.1016~1-5a372]:AlignUtteranceWrapper():decoder-wrappers.cc:617) Retrying utterance AS018F0011 with beam 40
LOG (gmm-align-compiled[5.5.1016~1-5a372]:main():gmm-align-compiled.cc:127) AS018F0012
WARNING (gmm-align-compiled[5.5.1016~1-5a372]:AlignUtteranceWrapper():decoder-wrappers.cc:617) Retrying utterance AS018F0012 with beam 40
LOG (gmm-align-compiled[5.5.1016~1-5a372]:main():gmm-align-compiled.cc:127) AS018F0013
LOG (gmm-align-compiled[5.5.1016~1-5a372]:main():gmm-align-compiled.cc:127) AS018F0014
WARNING (gmm-align-compiled[5.5.1016~1-5a372]:AlignUtteranceWrapper():decoder-wrappers.cc:617) Retrying utterance AS018F0014 with beam 40
LOG (gmm-align-compiled[5.5.1016~1-5a372]:main():gmm-align-compiled.cc:127) AS018F0015
WARNING (gmm-align-compiled[5.5.1016~1-5a372]:AlignUtteranceWrapper():decoder-wrappers.cc:617) Retrying utterance AS018F0015 with beam 40
LOG (gmm-align-compiled[5.5.1016~1-5a372]:main():gmm-align-compiled.cc:127) AS018F0016
WARNING (gmm-align-compiled[5.5.1016~1-5a372]:AlignUtteranceWrapper():decoder-wrappers.cc:617) Retrying utterance AS018F0016 with beam 40
LOG (gmm-align-compiled[5.5.1016~1-5a372]:main():gmm-align-compiled.cc:127) AS018F0017
WARNING (gmm-align-compiled[5.5.1016~1-5a372]:AlignUtteranceWrapper():decoder-wrappers.cc:617) Retrying utterance AS018F0017 with beam 40
LOG (gmm-align-compiled[5.5.1016~1-5a372]:main():gmm-align-compiled.cc:127) AS018F0018
WARNING (gmm-align-compiled[5.5.1016~1-5a372]:AlignUtteranceWrapper():decoder-wrappers.cc:617) Retrying utterance AS018F0018 with beam 40
LOG (gmm-align-compiled[5.5.1016~1-5a372]:main():gmm-align-compiled.cc:127) AS018F0019
WARNING (gmm-align-compiled[5.5.1016~1-5a372]:AlignUtteranceWrapper():decoder-wrappers.cc:617) Retrying utterance AS018F0019 with beam 40
LOG (gmm-align-compiled[5.5.1016~1-5a372]:main():gmm-align-compiled.cc:127) AS018F0020
WARNING (gmm-align-compiled[5.5.1016~1-5a372]:AlignUtteranceWrapper():decoder-wrappers.cc:617) Retrying utterance AS018F0020 with beam 40
LOG (gmm-align-compiled[5.5.1016~1-5a372]:main():gmm-align-compiled.cc:127) AS018F0021
WARNING (gmm-align-compiled[5.5.1016~1-5a372]:AlignUtteranceWrapper():decoder-wrappers.cc:617) Retrying utterance AS018F0021 with beam 40
LOG (gmm-align-compiled[5.5.1016~1-5a372]:main():gmm-align-compiled.cc:127) AS018F0022
WARNING (gmm-align-compiled[5.5.1016~1-5a372]:AlignUtteranceWrapper():decoder-wrappers.cc:617) Retrying utterance AS018F0022 with beam 40
LOG (gmm-align-compiled[5.5.1016~1-5a372]:main():gmm-align-compiled.cc:127) AS018F0023
WARNING (gmm-align-compiled[5.5.1016~1-5a372]:AlignUtteranceWrapper():decoder-wrappers.cc:617) Retrying utterance AS018F0023 with beam 40
LOG (gmm-align-compiled[5.5.1016~1-5a372]:main():gmm-align-compiled.cc:127) AS018F0024
WARNING (gmm-align-compiled[5.5.1016~1-5a372]:AlignUtteranceWrapper():decoder-wrappers.cc:617) Retrying utterance AS018F0024 with beam 40
LOG (gmm-align-compiled[5.5.1016~1-5a372]:main():gmm-align-compiled.cc:127) AS018F0025
LOG (gmm-align-compiled[5.5.1016~1-5a372]:main():gmm-align-compiled.cc:127) AS018F0026
WARNING (gmm-align-compiled[5.5.1016~1-5a372]:AlignUtteranceWrapper():decoder-wrappers.cc:617) Retrying utterance AS018F0026 with beam 40
LOG (gmm-align-compiled[5.5.1016~1-5a372]:main():gmm-align-compiled.cc:127) AS018F0027
LOG (gmm-align-compiled[5.5.1016~1-5a372]:main():gmm-align-compiled.cc:127) AS018F0028
LOG (gmm-align-compiled[5.5.1016~1-5a372]:main():gmm-align-compiled.cc:127) AS018F0029
LOG (gmm-align-compiled[5.5.1016~1-5a372]:main():gmm-align-compiled.cc:127) AS018F0030
LOG (gmm-align-compiled[5.5.1016~1-5a372]:main():gmm-align-compiled.cc:127) AS018F0031
WARNING (gmm-align-compiled[5.5.1016~1-5a372]:AlignUtteranceWrapper():decoder-wrappers.cc:617) Retrying utterance AS018F0031 with beam 40
LOG (gmm-align-compiled[5.5.1016~1-5a372]:main():gmm-align-compiled.cc:127) AS018F0032
WARNING (gmm-align-compiled[5.5.1016~1-5a372]:AlignUtteranceWrapper():decoder-wrappers.cc:617) Retrying utterance AS018F0032 with beam 40
LOG (gmm-align-compiled[5.5.1016~1-5a372]:main():gmm-align-compiled.cc:127) AS018F0033
LOG (gmm-align-compiled[5.5.1016~1-5a372]:main():gmm-align-compiled.cc:127) AS018F0034
LOG (gmm-align-compiled[5.5.1016~1-5a372]:main():gmm-align-compiled.cc:127) AS018F0035
LOG (gmm-align-compiled[5.5.1016~1-5a372]:main():gmm-align-compiled.cc:127) AS018F0036
WARNING (gmm-align-compiled[5.5.1016~1-5a372]:AlignUtteranceWrapper():decoder-wrappers.cc:617) Retrying utterance AS018F0036 with beam 40
LOG (gmm-align-compiled[5.5.1016~1-5a372]:main():gmm-align-compiled.cc:127) AS018F0037
WARNING (gmm-align-compiled[5.5.1016~1-5a372]:AlignUtteranceWrapper():decoder-wrappers.cc:617) Retrying utterance AS018F0037 with beam 40
LOG (gmm-align-compiled[5.5.1016~1-5a372]:main():gmm-align-compiled.cc:127) AS018F0038
LOG (gmm-align-compiled[5.5.1016~1-5a372]:main():gmm-align-compiled.cc:127) AS018F0039
WARNING (gmm-align-compiled[5.5.1016~1-5a372]:AlignUtteranceWrapper():decoder-wrappers.cc:617) Retrying utterance AS018F0039 with beam 40
LOG (gmm-align-compiled[5.5.1016~1-5a372]:main():gmm-align-compiled.cc:127) AS018F0040
WARNING (gmm-align-compiled[5.5.1016~1-5a372]:AlignUtteranceWrapper():decoder-wrappers.cc:617) Retrying utterance AS018F0040 with beam 40
LOG (gmm-align-compiled[5.5.1016~1-5a372]:main():gmm-align-compiled.cc:127) AS018F0041
WARNING (gmm-align-compiled[5.5.1016~1-5a372]:AlignUtteranceWrapper():decoder-wrappers.cc:617) Retrying utterance AS018F0041 with beam 40
LOG (gmm-align-compiled[5.5.1016~1-5a372]:main():gmm-align-compiled.cc:127) AS018F0042
LOG (gmm-align-compiled[5.5.1016~1-5a372]:main():gmm-align-compiled.cc:127) AS018F0043
LOG (gmm-align-compiled[5.5.1016~1-5a372]:main():gmm-align-compiled.cc:127) AS018F0044
WARNING (gmm-align-compiled[5.5.1016~1-5a372]:AlignUtteranceWrapper():decoder-wrappers.cc:617) Retrying utterance AS018F0044 with beam 40
LOG (gmm-align-compiled[5.5.1016~1-5a372]:main():gmm-align-compiled.cc:127) AS018F0045
LOG (gmm-align-compiled[5.5.1016~1-5a372]:main():gmm-align-compiled.cc:127) AS018F0046
WARNING (gmm-align-compiled[5.5.1016~1-5a372]:AlignUtteranceWrapper():decoder-wrappers.cc:617) Retrying utterance AS018F0046 with beam 40
LOG (gmm-align-compiled[5.5.1016~1-5a372]:main():gmm-align-compiled.cc:127) AS018F0047
LOG (gmm-align-compiled[5.5.1016~1-5a372]:main():gmm-align-compiled.cc:127) AS018F0048
WARNING (gmm-align-compiled[5.5.1016~1-5a372]:AlignUtteranceWrapper():decoder-wrappers.cc:617) Retrying utterance AS018F0048 with beam 40
LOG (gmm-align-compiled[5.5.1016~1-5a372]:main():gmm-align-compiled.cc:127) AS018F0049
LOG (gmm-align-compiled[5.5.1016~1-5a372]:main():gmm-align-compiled.cc:127) AS018F0050
LOG (gmm-align-compiled[5.5.1016~1-5a372]:main():gmm-align-compiled.cc:127) AS018F0051
LOG (gmm-align-compiled[5.5.1016~1-5a372]:main():gmm-align-compiled.cc:127) AS018F0052
WARNING (gmm-align-compiled[5.5.1016~1-5a372]:AlignUtteranceWrapper():decoder-wrappers.cc:617) Retrying utterance AS018F0052 with beam 40
LOG (gmm-align-compiled[5.5.1016~1-5a372]:main():gmm-align-compiled.cc:127) AS018F0053
LOG (gmm-align-compiled[5.5.1016~1-5a372]:main():gmm-align-compiled.cc:127) AS018F0054
WARNING (gmm-align-compiled[5.5.1016~1-5a372]:AlignUtteranceWrapper():decoder-wrappers.cc:617) Retrying utterance AS018F0054 with beam 40
LOG (gmm-align-compiled[5.5.1016~1-5a372]:main():gmm-align-compiled.cc:127) AS018F0055
LOG (gmm-align-compiled[5.5.1016~1-5a372]:main():gmm-align-compiled.cc:127) AS018F0056
WARNING (gmm-align-compiled[5.5.1016~1-5a372]:AlignUtteranceWrapper():decoder-wrappers.cc:617) Retrying utterance AS018F0056 with beam 40
LOG (gmm-align-compiled[5.5.1016~1-5a372]:main():gmm-align-compiled.cc:127) AS018F0057
WARNING (gmm-align-compiled[5.5.1016~1-5a372]:AlignUtteranceWrapper():decoder-wrappers.cc:617) Retrying utterance AS018F0057 with beam 40
LOG (gmm-align-compiled[5.5.1016~1-5a372]:main():gmm-align-compiled.cc:127) AS018F0058
WARNING (gmm-align-compiled[5.5.1016~1-5a372]:AlignUtteranceWrapper():decoder-wrappers.cc:617) Retrying utterance AS018F0058 with beam 40
LOG (gmm-align-compiled[5.5.1016~1-5a372]:main():gmm-align-compiled.cc:127) AS018F0059
WARNING (gmm-align-compiled[5.5.1016~1-5a372]:AlignUtteranceWrapper():decoder-wrappers.cc:617) Retrying utterance AS018F0059 with beam 40
LOG (gmm-align-compiled[5.5.1016~1-5a372]:main():gmm-align-compiled.cc:127) AS018F0060
WARNING (gmm-align-compiled[5.5.1016~1-5a372]:AlignUtteranceWrapper():decoder-wrappers.cc:617) Retrying utterance AS018F0060 with beam 40
LOG (gmm-align-compiled[5.5.1016~1-5a372]:main():gmm-align-compiled.cc:127) AS018F0061
LOG (gmm-align-compiled[5.5.1016~1-5a372]:main():gmm-align-compiled.cc:127) AS018F0062
WARNING (gmm-align-compiled[5.5.1016~1-5a372]:AlignUtteranceWrapper():decoder-wrappers.cc:617) Retrying utterance AS018F0062 with beam 40
LOG (gmm-align-compiled[5.5.1016~1-5a372]:main():gmm-align-compiled.cc:127) AS018F0063
LOG (gmm-align-compiled[5.5.1016~1-5a372]:main():gmm-align-compiled.cc:127) AS018F0064
WARNING (gmm-align-compiled[5.5.1016~1-5a372]:AlignUtteranceWrapper():decoder-wrappers.cc:617) Retrying utterance AS018F0064 with beam 40
LOG (gmm-align-compiled[5.5.1016~1-5a372]:main():gmm-align-compiled.cc:127) AS018F0065
LOG (gmm-align-compiled[5.5.1016~1-5a372]:main():gmm-align-compiled.cc:127) AS018F0066
WARNING (gmm-align-compiled[5.5.1016~1-5a372]:AlignUtteranceWrapper():decoder-wrappers.cc:617) Retrying utterance AS018F0066 with beam 40
LOG (gmm-align-compiled[5.5.1016~1-5a372]:main():gmm-align-compiled.cc:127) AS018F0067
WARNING (gmm-align-compiled[5.5.1016~1-5a372]:AlignUtteranceWrapper():decoder-wrappers.cc:617) Retrying utterance AS018F0067 with beam 40
LOG (gmm-align-compiled[5.5.1016~1-5a372]:main():gmm-align-compiled.cc:127) AS018F0068
LOG (gmm-align-compiled[5.5.1016~1-5a372]:main():gmm-align-compiled.cc:127) AS018F0069
WARNING (gmm-align-compiled[5.5.1016~1-5a372]:AlignUtteranceWrapper():decoder-wrappers.cc:617) Retrying utterance AS018F0069 with beam 40
LOG (gmm-align-compiled[5.5.1016~1-5a372]:main():gmm-align-compiled.cc:127) AS018F0070
WARNING (gmm-align-compiled[5.5.1016~1-5a372]:AlignUtteranceWrapper():decoder-wrappers.cc:617) Retrying utterance AS018F0070 with beam 40
LOG (gmm-align-compiled[5.5.1016~1-5a372]:main():gmm-align-compiled.cc:127) AS018F0071
WARNING (gmm-align-compiled[5.5.1016~1-5a372]:AlignUtteranceWrapper():decoder-wrappers.cc:617) Retrying utterance AS018F0071 with beam 40
LOG (gmm-align-compiled[5.5.1016~1-5a372]:main():gmm-align-compiled.cc:127) AS018F0072
LOG (gmm-align-compiled[5.5.1016~1-5a372]:main():gmm-align-compiled.cc:127) AS018F0073
WARNING (gmm-align-compiled[5.5.1016~1-5a372]:AlignUtteranceWrapper():decoder-wrappers.cc:617) Retrying utterance AS018F0073 with beam 40
LOG (gmm-align-compiled[5.5.1016~1-5a372]:main():gmm-align-compiled.cc:127) AS018F0074
WARNING (gmm-align-compiled[5.5.1016~1-5a372]:AlignUtteranceWrapper():decoder-wrappers.cc:617) Retrying utterance AS018F0074 with beam 40
LOG (gmm-align-compiled[5.5.1016~1-5a372]:main():gmm-align-compiled.cc:127) AS018F0075
LOG (gmm-align-compiled[5.5.1016~1-5a372]:main():gmm-align-compiled.cc:127) AS018F0076
WARNING (gmm-align-compiled[5.5.1016~1-5a372]:AlignUtteranceWrapper():decoder-wrappers.cc:617) Retrying utterance AS018F0076 with beam 40
LOG (gmm-align-compiled[5.5.1016~1-5a372]:main():gmm-align-compiled.cc:127) AS018F0077
WARNING (gmm-align-compiled[5.5.1016~1-5a372]:AlignUtteranceWrapper():decoder-wrappers.cc:617) Retrying utterance AS018F0077 with beam 40
LOG (apply-cmvn[5.5.1016~1-5a372]:main():apply-cmvn.cc:162) Applied cepstral mean normalization to 160 utterances, errors on 0
LOG (gmm-align-compiled[5.5.1016~1-5a372]:main():gmm-align-compiled.cc:127) AS018F0078
WARNING (gmm-align-compiled[5.5.1016~1-5a372]:AlignUtteranceWrapper():decoder-wrappers.cc:617) Retrying utterance AS018F0078 with beam 40
LOG (gmm-align-compiled[5.5.1016~1-5a372]:main():gmm-align-compiled.cc:127) AS018F0079
WARNING (gmm-align-compiled[5.5.1016~1-5a372]:AlignUtteranceWrapper():decoder-wrappers.cc:617) Retrying utterance AS018F0079 with beam 40
LOG (gmm-align-compiled[5.5.1016~1-5a372]:main():gmm-align-compiled.cc:127) AS018F0080
LOG (gmm-align-compiled[5.5.1016~1-5a372]:main():gmm-align-compiled.cc:135) Overall log-likelihood per frame is -94.7872 over 111680 frames.
LOG (gmm-align-compiled[5.5.1016~1-5a372]:main():gmm-align-compiled.cc:137) Retried 52 out of 160 utterances.
LOG (gmm-align-compiled[5.5.1016~1-5a372]:main():gmm-align-compiled.cc:139) Done 160, errors on 0
# Accounting: time=4 threads=1
# Ended (code 0) at Tue Apr 19 17:24:53 IST 2022, elapsed time 4 seconds
