# compute-mfcc-feats --write-utt2dur=ark,t:exp/make_mfcc/train/utt2dur.3 --verbose=2 --config=conf/mfcc.conf scp,p:exp/make_mfcc/train/wav_train.3.scp ark:- | copy-feats --write-num-frames=ark,t:exp/make_mfcc/train/utt2num_frames.3 --compress=true ark:- ark,scp:/home/pradeep/kaldi/egs/0ASR_num2022/AS_numReco21/mfcc/raw_mfcc_train.3.ark,/home/pradeep/kaldi/egs/0ASR_num2022/AS_numReco21/mfcc/raw_mfcc_train.3.scp 
# Started at Tue Apr 19 17:21:05 IST 2022
#
compute-mfcc-feats --write-utt2dur=ark,t:exp/make_mfcc/train/utt2dur.3 --verbose=2 --config=conf/mfcc.conf scp,p:exp/make_mfcc/train/wav_train.3.scp ark:- 
copy-feats --write-num-frames=ark,t:exp/make_mfcc/train/utt2num_frames.3 --compress=true ark:- ark,scp:/home/pradeep/kaldi/egs/0ASR_num2022/AS_numReco21/mfcc/raw_mfcc_train.3.ark,/home/pradeep/kaldi/egs/0ASR_num2022/AS_numReco21/mfcc/raw_mfcc_train.3.scp 
VLOG[2] (compute-mfcc-feats[5.5.1016~1-5a372]:main():compute-mfcc-feats.cc:182) Processed features for key AS011M0065
VLOG[2] (compute-mfcc-feats[5.5.1016~1-5a372]:main():compute-mfcc-feats.cc:182) Processed features for key AS011M0066
VLOG[2] (compute-mfcc-feats[5.5.1016~1-5a372]:main():compute-mfcc-feats.cc:182) Processed features for key AS011M0067
VLOG[2] (compute-mfcc-feats[5.5.1016~1-5a372]:main():compute-mfcc-feats.cc:182) Processed features for key AS011M0068
VLOG[2] (compute-mfcc-feats[5.5.1016~1-5a372]:main():compute-mfcc-feats.cc:182) Processed features for key AS011M0069
VLOG[2] (compute-mfcc-feats[5.5.1016~1-5a372]:main():compute-mfcc-feats.cc:182) Processed features for key AS011M0070
VLOG[2] (compute-mfcc-feats[5.5.1016~1-5a372]:main():compute-mfcc-feats.cc:182) Processed features for key AS011M0071
VLOG[2] (compute-mfcc-feats[5.5.1016~1-5a372]:main():compute-mfcc-feats.cc:182) Processed features for key AS011M0072
VLOG[2] (compute-mfcc-feats[5.5.1016~1-5a372]:main():compute-mfcc-feats.cc:182) Processed features for key AS011M0073
LOG (compute-mfcc-feats[5.5.1016~1-5a372]:main():compute-mfcc-feats.cc:181) Processed 10 utterances
VLOG[2] (compute-mfcc-feats[5.5.1016~1-5a372]:main():compute-mfcc-feats.cc:182) Processed features for key AS011M0074
VLOG[2] (compute-mfcc-feats[5.5.1016~1-5a372]:main():compute-mfcc-feats.cc:182) Processed features for key AS011M0075
VLOG[2] (compute-mfcc-feats[5.5.1016~1-5a372]:main():compute-mfcc-feats.cc:182) Processed features for key AS011M0076
VLOG[2] (compute-mfcc-feats[5.5.1016~1-5a372]:main():compute-mfcc-feats.cc:182) Processed features for key AS011M0077
VLOG[2] (compute-mfcc-feats[5.5.1016~1-5a372]:main():compute-mfcc-feats.cc:182) Processed features for key AS011M0078
VLOG[2] (compute-mfcc-feats[5.5.1016~1-5a372]:main():compute-mfcc-feats.cc:182) Processed features for key AS011M0079
VLOG[2] (compute-mfcc-feats[5.5.1016~1-5a372]:main():compute-mfcc-feats.cc:182) Processed features for key AS011M0080
VLOG[2] (compute-mfcc-feats[5.5.1016~1-5a372]:main():compute-mfcc-feats.cc:182) Processed features for key AS012M0001
VLOG[2] (compute-mfcc-feats[5.5.1016~1-5a372]:main():compute-mfcc-feats.cc:182) Processed features for key AS012M0002
VLOG[2] (compute-mfcc-feats[5.5.1016~1-5a372]:main():compute-mfcc-feats.cc:182) Processed features for key AS012M0003
LOG (compute-mfcc-feats[5.5.1016~1-5a372]:main():compute-mfcc-feats.cc:181) Processed 20 utterances
VLOG[2] (compute-mfcc-feats[5.5.1016~1-5a372]:main():compute-mfcc-feats.cc:182) Processed features for key AS012M0004
VLOG[2] (compute-mfcc-feats[5.5.1016~1-5a372]:main():compute-mfcc-feats.cc:182) Processed features for key AS012M0005
VLOG[2] (compute-mfcc-feats[5.5.1016~1-5a372]:main():compute-mfcc-feats.cc:182) Processed features for key AS012M0006
VLOG[2] (compute-mfcc-feats[5.5.1016~1-5a372]:main():compute-mfcc-feats.cc:182) Processed features for key AS012M0007
VLOG[2] (compute-mfcc-feats[5.5.1016~1-5a372]:main():compute-mfcc-feats.cc:182) Processed features for key AS012M0008
VLOG[2] (compute-mfcc-feats[5.5.1016~1-5a372]:main():compute-mfcc-feats.cc:182) Processed features for key AS012M0009
VLOG[2] (compute-mfcc-feats[5.5.1016~1-5a372]:main():compute-mfcc-feats.cc:182) Processed features for key AS012M0010
VLOG[2] (compute-mfcc-feats[5.5.1016~1-5a372]:main():compute-mfcc-feats.cc:182) Processed features for key AS012M0011
VLOG[2] (compute-mfcc-feats[5.5.1016~1-5a372]:main():compute-mfcc-feats.cc:182) Processed features for key AS012M0012
VLOG[2] (compute-mfcc-feats[5.5.1016~1-5a372]:main():compute-mfcc-feats.cc:182) Processed features for key AS012M0013
LOG (compute-mfcc-feats[5.5.1016~1-5a372]:main():compute-mfcc-feats.cc:181) Processed 30 utterances
VLOG[2] (compute-mfcc-feats[5.5.1016~1-5a372]:main():compute-mfcc-feats.cc:182) Processed features for key AS012M0014
VLOG[2] (compute-mfcc-feats[5.5.1016~1-5a372]:main():compute-mfcc-feats.cc:182) Processed features for key AS012M0015
VLOG[2] (compute-mfcc-feats[5.5.1016~1-5a372]:main():compute-mfcc-feats.cc:182) Processed features for key AS012M0016
LOG (compute-mfcc-feats[5.5.1016~1-5a372]:main():compute-mfcc-feats.cc:185)  Done 32 out of 32 utterances.
LOG (copy-feats[5.5.1016~1-5a372]:main():copy-feats.cc:143) Copied 32 feature matrices.
# Accounting: time=1 threads=1
# Ended (code 0) at Tue Apr 19 17:21:06 IST 2022, elapsed time 1 seconds
