# compute-mfcc-feats --write-utt2dur=ark,t:exp/make_mfcc/train/utt2dur.19 --verbose=2 --config=conf/mfcc.conf scp,p:exp/make_mfcc/train/wav_train.19.scp ark:- | copy-feats --write-num-frames=ark,t:exp/make_mfcc/train/utt2num_frames.19 --compress=true ark:- ark,scp:/home/pradeep/kaldi/egs/0ASR_num2022/AS_numReco21/mfcc/raw_mfcc_train.19.ark,/home/pradeep/kaldi/egs/0ASR_num2022/AS_numReco21/mfcc/raw_mfcc_train.19.scp 
# Started at Tue Apr 19 17:21:09 IST 2022
#
compute-mfcc-feats --write-utt2dur=ark,t:exp/make_mfcc/train/utt2dur.19 --verbose=2 --config=conf/mfcc.conf scp,p:exp/make_mfcc/train/wav_train.19.scp ark:- 
copy-feats --write-num-frames=ark,t:exp/make_mfcc/train/utt2num_frames.19 --compress=true ark:- ark,scp:/home/pradeep/kaldi/egs/0ASR_num2022/AS_numReco21/mfcc/raw_mfcc_train.19.ark,/home/pradeep/kaldi/egs/0ASR_num2022/AS_numReco21/mfcc/raw_mfcc_train.19.scp 
VLOG[2] (compute-mfcc-feats[5.5.1016~1-5a372]:main():compute-mfcc-feats.cc:182) Processed features for key AS018F0017
VLOG[2] (compute-mfcc-feats[5.5.1016~1-5a372]:main():compute-mfcc-feats.cc:182) Processed features for key AS018F0018
VLOG[2] (compute-mfcc-feats[5.5.1016~1-5a372]:main():compute-mfcc-feats.cc:182) Processed features for key AS018F0019
VLOG[2] (compute-mfcc-feats[5.5.1016~1-5a372]:main():compute-mfcc-feats.cc:182) Processed features for key AS018F0020
VLOG[2] (compute-mfcc-feats[5.5.1016~1-5a372]:main():compute-mfcc-feats.cc:182) Processed features for key AS018F0021
VLOG[2] (compute-mfcc-feats[5.5.1016~1-5a372]:main():compute-mfcc-feats.cc:182) Processed features for key AS018F0022
VLOG[2] (compute-mfcc-feats[5.5.1016~1-5a372]:main():compute-mfcc-feats.cc:182) Processed features for key AS018F0023
VLOG[2] (compute-mfcc-feats[5.5.1016~1-5a372]:main():compute-mfcc-feats.cc:182) Processed features for key AS018F0024
VLOG[2] (compute-mfcc-feats[5.5.1016~1-5a372]:main():compute-mfcc-feats.cc:182) Processed features for key AS018F0025
LOG (compute-mfcc-feats[5.5.1016~1-5a372]:main():compute-mfcc-feats.cc:181) Processed 10 utterances
VLOG[2] (compute-mfcc-feats[5.5.1016~1-5a372]:main():compute-mfcc-feats.cc:182) Processed features for key AS018F0026
VLOG[2] (compute-mfcc-feats[5.5.1016~1-5a372]:main():compute-mfcc-feats.cc:182) Processed features for key AS018F0027
VLOG[2] (compute-mfcc-feats[5.5.1016~1-5a372]:main():compute-mfcc-feats.cc:182) Processed features for key AS018F0028
VLOG[2] (compute-mfcc-feats[5.5.1016~1-5a372]:main():compute-mfcc-feats.cc:182) Processed features for key AS018F0029
VLOG[2] (compute-mfcc-feats[5.5.1016~1-5a372]:main():compute-mfcc-feats.cc:182) Processed features for key AS018F0030
VLOG[2] (compute-mfcc-feats[5.5.1016~1-5a372]:main():compute-mfcc-feats.cc:182) Processed features for key AS018F0031
VLOG[2] (compute-mfcc-feats[5.5.1016~1-5a372]:main():compute-mfcc-feats.cc:182) Processed features for key AS018F0032
VLOG[2] (compute-mfcc-feats[5.5.1016~1-5a372]:main():compute-mfcc-feats.cc:182) Processed features for key AS018F0033
VLOG[2] (compute-mfcc-feats[5.5.1016~1-5a372]:main():compute-mfcc-feats.cc:182) Processed features for key AS018F0034
VLOG[2] (compute-mfcc-feats[5.5.1016~1-5a372]:main():compute-mfcc-feats.cc:182) Processed features for key AS018F0035
LOG (compute-mfcc-feats[5.5.1016~1-5a372]:main():compute-mfcc-feats.cc:181) Processed 20 utterances
VLOG[2] (compute-mfcc-feats[5.5.1016~1-5a372]:main():compute-mfcc-feats.cc:182) Processed features for key AS018F0036
VLOG[2] (compute-mfcc-feats[5.5.1016~1-5a372]:main():compute-mfcc-feats.cc:182) Processed features for key AS018F0037
VLOG[2] (compute-mfcc-feats[5.5.1016~1-5a372]:main():compute-mfcc-feats.cc:182) Processed features for key AS018F0038
VLOG[2] (compute-mfcc-feats[5.5.1016~1-5a372]:main():compute-mfcc-feats.cc:182) Processed features for key AS018F0039
VLOG[2] (compute-mfcc-feats[5.5.1016~1-5a372]:main():compute-mfcc-feats.cc:182) Processed features for key AS018F0040
VLOG[2] (compute-mfcc-feats[5.5.1016~1-5a372]:main():compute-mfcc-feats.cc:182) Processed features for key AS018F0041
VLOG[2] (compute-mfcc-feats[5.5.1016~1-5a372]:main():compute-mfcc-feats.cc:182) Processed features for key AS018F0042
VLOG[2] (compute-mfcc-feats[5.5.1016~1-5a372]:main():compute-mfcc-feats.cc:182) Processed features for key AS018F0043
VLOG[2] (compute-mfcc-feats[5.5.1016~1-5a372]:main():compute-mfcc-feats.cc:182) Processed features for key AS018F0044
VLOG[2] (compute-mfcc-feats[5.5.1016~1-5a372]:main():compute-mfcc-feats.cc:182) Processed features for key AS018F0045
LOG (compute-mfcc-feats[5.5.1016~1-5a372]:main():compute-mfcc-feats.cc:181) Processed 30 utterances
VLOG[2] (compute-mfcc-feats[5.5.1016~1-5a372]:main():compute-mfcc-feats.cc:182) Processed features for key AS018F0046
VLOG[2] (compute-mfcc-feats[5.5.1016~1-5a372]:main():compute-mfcc-feats.cc:182) Processed features for key AS018F0047
VLOG[2] (compute-mfcc-feats[5.5.1016~1-5a372]:main():compute-mfcc-feats.cc:182) Processed features for key AS018F0048
LOG (compute-mfcc-feats[5.5.1016~1-5a372]:main():compute-mfcc-feats.cc:185)  Done 32 out of 32 utterances.
LOG (copy-feats[5.5.1016~1-5a372]:main():copy-feats.cc:143) Copied 32 feature matrices.
# Accounting: time=0 threads=1
# Ended (code 0) at Tue Apr 19 17:21:09 IST 2022, elapsed time 0 seconds
